#
# A fatal error has been detected by the Java Runtime Environment:
#
#  SIGSEGV (0xb) at pc=0x0000000103a48358, pid=63441, tid=18947
#
# JRE version: Java(TM) SE Runtime Environment (8.0_91-b14) (build 1.8.0_91-b14)
# Java VM: Java HotSpot(TM) 64-Bit Server VM (25.91-b14 mixed mode bsd-amd64 compressed oops)
# Problematic frame:
# V  [libjvm.dylib+0x448358]
#
# Failed to write core dump. Core dumps have been disabled. To enable core dumping, try "ulimit -c unlimited" before starting Java again
#
# If you would like to submit a bug report, please visit:
#   http://bugreport.java.com/bugreport/crash.jsp
#

---------------  T H R E A D  ---------------

Current thread (0x00007fd5db833000):  JavaThread "JDWP Transport Listener: dt_socket" daemon [_thread_in_vm, id=18947, stack(0x0000700000ec4000,0x0000700000fc4000)]

siginfo: si_signo: 11 (SIGSEGV), si_code: 0 (unknown), si_addr: 0x0000000000000000

Registers:
RAX=0x0000000000000001, RBX=0x0000700000fc3a8b, RCX=0x0000000103e18340, RDX=0x0000700000fc3a8b
RSP=0x0000700000fc39d0, RBP=0x0000700000fc39e0, RSI=0x00007fd5db833000, RDI=0x0002000000000004
R8 =0x0000000000000000, R9 =0x00007fd5dc2411e0, R10=0x0000000050943b7a, R11=0x00007fd5dc200000
R12=0x00007fd5db833000, R13=0x0002000000000004, R14=0x0002000000000004, R15=0x00007fd5d9c13cf0
RIP=0x0000000103a48358, EFLAGS=0x0000000000010202, ERR=0x0000000000000000
  TRAPNO=0x000000000000000d

Top of Stack: (sp=0x0000700000fc39d0)
0x0000700000fc39d0:   0000700000fc3a8b 0000700000fc3a8b
0x0000700000fc39e0:   0000700000fc3a40 0000000103957316
0x0000700000fc39f0:   00007fd5db833000 0000000000000000
0x0000700000fc3a00:   0000000000000000 0000000000000000
0x0000700000fc3a10:   00007fd5db833000 00007fd5db833000
0x0000700000fc3a20:   0000700000fc3a8b 0000700000fc3a90
0x0000700000fc3a30:   0002000000000004 0000000000000003
0x0000700000fc3a40:   0000700000fc3a60 0000000102572780
0x0000700000fc3a50:   0000000000000001 0000700000fc3b08
0x0000700000fc3a60:   0000700000fc3ad0 00000001025571f3
0x0000700000fc3a70:   0000700000fc3aa0 00007fd5dc294590
0x0000700000fc3a80:   0000000400000032 0000000900fc3b08
0x0000700000fc3a90:   0000000000000000 0000000000000000
0x0000700000fc3aa0:   0000000000000000 0000700000fc3c90
0x0000700000fc3ab0:   0000000102579e7a 00007fd5d9f29360
0x0000700000fc3ac0:   0000700000fc3b08 0000000102585598
0x0000700000fc3ad0:   0000700000fc3ae0 00000001025572ec
0x0000700000fc3ae0:   0000700000fc3d00 0000000102560898
0x0000700000fc3af0:   0001752600000013 00000000000f0200
0x0000700000fc3b00:   00007fd5d9f32a30 0000700000fc3bfe
0x0000700000fc3b10:   00007fd500000086 0000700000fc3b20
0x0000700000fc3b20:   00007fd5000000a6 0000700000fc3b58
0x0000700000fc3b30:   0000000000000000 0000000000000000
0x0000700000fc3b40:   0001752600000030 0000000000000080
0x0000700000fc3b50:   0000700000fc3b58 d57f000004000000
0x0000700000fc3b60:   0d000000d07019dc 6d246164626d616c
0x0000700000fc3b70:   00000030246e6961 6a2f67726f4c281c
0x0000700000fc3b80:   646f6e2f70756f73 656d656c452f7365
0x0000700000fc3b90:   0000005a293b746e 7f00000a1000f000
0x0000700000fc3ba0:   000000b0dec2d9d5 0000006e69616d04
0x0000700000fc3bb0:   6176616a4c5b2816 74532f676e616c2f
0x0000700000fc3bc0:   0056293b676e6972 0009000000000000 

Instructions: (pc=0x0000000103a48358)
0x0000000103a48338:   40 48 48 85 c0 75 e0 30 c0 0f b6 c0 5d c3 31 c0
0x0000000103a48348:   5d c3 55 48 89 e5 53 48 83 ec 08 48 85 ff 74 24
0x0000000103a48358:   48 8b 1f 48 85 db 74 1c 48 83 fb 37 74 16 48 8b
0x0000000103a48368:   03 48 89 df ff 50 10 84 c0 b8 00 00 00 00 48 0f 

Register to memory mapping:

RAX=0x0000000000000001 is an unknown value
RBX=0x0000700000fc3a8b is pointing into the stack for thread: 0x00007fd5db833000
RCX=0x0000000103e18340: UseMembar+0 in /Library/Java/JavaVirtualMachines/jdk1.8.0_91.jdk/Contents/Home/jre/lib/server/libjvm.dylib at 0x0000000103600000
RDX=0x0000700000fc3a8b is pointing into the stack for thread: 0x00007fd5db833000
RSP=0x0000700000fc39d0 is pointing into the stack for thread: 0x00007fd5db833000
RBP=0x0000700000fc39e0 is pointing into the stack for thread: 0x00007fd5db833000
RSI=0x00007fd5db833000 is a thread
RDI=0x0002000000000004 is an unknown value
R8 =0x0000000000000000 is an unknown value
R9 =0x00007fd5dc2411e0 is an unknown value
R10=0x0000000050943b7a is an unknown value
R11=0x00007fd5dc200000 is an unknown value
R12=0x00007fd5db833000 is a thread
R13=0x0002000000000004 is an unknown value
R14=0x0002000000000004 is an unknown value
R15=0x00007fd5d9c13cf0 is an unknown value


Stack: [0x0000700000ec4000,0x0000700000fc4000],  sp=0x0000700000fc39d0,  free space=1022k
Native frames: (J=compiled Java code, j=interpreted, Vv=VM code, C=native code)
V  [libjvm.dylib+0x448358]
V  [libjvm.dylib+0x357316]
C  [libjdwp.dylib+0x20780]  isMethodSynthetic+0x63
C  [libjdwp.dylib+0x51f3]  methods1+0x10b
C  [libjdwp.dylib+0x52ec]  methodsWithGeneric+0xe
C  [libjdwp.dylib+0xe898]  debugLoop_run+0x1ce
C  [libjdwp.dylib+0x1f6ba]  attachThread+0x4d
V  [libjvm.dylib+0x39867c]
V  [libjvm.dylib+0x563d17]
V  [libjvm.dylib+0x565412]
V  [libjvm.dylib+0x484f82]
C  [libsystem_pthread.dylib+0x399d]  _pthread_body+0x83
C  [libsystem_pthread.dylib+0x391a]  _pthread_body+0x0
C  [libsystem_pthread.dylib+0x1351]  thread_start+0xd
C  0x0000000000000000


---------------  P R O C E S S  ---------------

Java Threads: ( => current thread )
  0x00007fd5df84b000 JavaThread "HSQLDB Connection @6d39479d" [_thread_in_native, id=32003, stack(0x000070000293d000,0x0000700002a3d000)]
  0x00007fd5da24f000 JavaThread "HSQLDB Connection @81e1081" [_thread_in_native, id=31491, stack(0x000070000283a000,0x000070000293a000)]
  0x00007fd5df015800 JavaThread "HSQLDB Connection @21ee2867" [_thread_in_native, id=30979, stack(0x0000700002737000,0x0000700002837000)]
  0x00007fd5da24e800 JavaThread "HSQLDB Connection @b1943f2" [_thread_in_native, id=30467, stack(0x0000700002634000,0x0000700002734000)]
  0x00007fd5da53f800 JavaThread "HSQLDB Connection @53a6cc8b" [_thread_in_native, id=29955, stack(0x0000700002531000,0x0000700002631000)]
  0x00007fd5deab7800 JavaThread "HSQLDB Connection @97405ae" [_thread_in_native, id=29443, stack(0x000070000242e000,0x000070000252e000)]
  0x00007fd5de991800 JavaThread "HSQLDB Connection @33a33fc1" [_thread_in_native, id=28931, stack(0x000070000232b000,0x000070000242b000)]
  0x00007fd5da04b800 JavaThread "HSQLDB Connection @58300aff" [_thread_in_native, id=28419, stack(0x0000700002228000,0x0000700002328000)]
  0x00007fd5dfa06800 JavaThread "HSQLDB Connection @2ece98cb" [_thread_in_native, id=25863, stack(0x0000700002125000,0x0000700002225000)]
  0x00007fd5dfa03000 JavaThread "HSQLDB Connection @6e7915a" [_thread_in_native, id=25095, stack(0x0000700002022000,0x0000700002122000)]
  0x00007fd5da126000 JavaThread "HSQLDB Timer @504f55d8" daemon [_thread_blocked, id=15371, stack(0x0000700001f1f000,0x000070000201f000)]
  0x00007fd5da04c800 JavaThread "HSQLDB Server @5af28b27" [_thread_blocked, id=15639, stack(0x0000700001e1c000,0x0000700001f1c000)]
  0x00007fd5dd128000 JavaThread "Exec Stream Pumper" daemon [_thread_in_native, id=27651, stack(0x0000700001d19000,0x0000700001e19000)]
  0x00007fd5de221000 JavaThread "Exec Stream Pumper" daemon [_thread_blocked, id=27139, stack(0x0000700001c16000,0x0000700001d16000)]
  0x00007fd5dda87000 JavaThread "process reaper" daemon [_thread_in_native, id=26627, stack(0x0000700001beb000,0x0000700001c13000)]
  0x00007fd5dd127800 JavaThread "Exec Default Executor" daemon [_thread_blocked, id=26127, stack(0x0000700001ae8000,0x0000700001be8000)]
  0x00007fd5dd073000 JavaThread "Thread-2" daemon [_thread_blocked, id=24579, stack(0x00007000019e5000,0x0000700001ae5000)]
  0x00007fd5db88e800 JavaThread "Thread-1" [_thread_blocked, id=24067, stack(0x00007000018e2000,0x00007000019e2000)]
  0x00007fd5da03c800 JavaThread "Thread-0" [_thread_blocked, id=23555, stack(0x00007000017df000,0x00007000018df000)]
  0x00007fd5da802800 JavaThread "Service Thread" daemon [_thread_blocked, id=22531, stack(0x00007000015d9000,0x00007000016d9000)]
  0x00007fd5dd823000 JavaThread "C1 CompilerThread3" daemon [_thread_blocked, id=22019, stack(0x00007000014d6000,0x00007000015d6000)]
  0x00007fd5db834800 JavaThread "C2 CompilerThread2" daemon [_thread_blocked, id=21507, stack(0x00007000013d3000,0x00007000014d3000)]
  0x00007fd5de012800 JavaThread "C2 CompilerThread1" daemon [_thread_blocked, id=20995, stack(0x00007000012d0000,0x00007000013d0000)]
  0x00007fd5db834000 JavaThread "C2 CompilerThread0" daemon [_thread_blocked, id=20483, stack(0x00007000011cd000,0x00007000012cd000)]
  0x00007fd5dc803800 JavaThread "JDWP Command Reader" daemon [_thread_in_native, id=19971, stack(0x00007000010ca000,0x00007000011ca000)]
  0x00007fd5dd822000 JavaThread "JDWP Event Helper Thread" daemon [_thread_blocked, id=19459, stack(0x0000700000fc7000,0x00007000010c7000)]
=>0x00007fd5db833000 JavaThread "JDWP Transport Listener: dt_socket" daemon [_thread_in_vm, id=18947, stack(0x0000700000ec4000,0x0000700000fc4000)]
  0x00007fd5dd000000 JavaThread "Signal Dispatcher" daemon [_thread_blocked, id=15887, stack(0x0000700000dc1000,0x0000700000ec1000)]
  0x00007fd5de008000 JavaThread "Finalizer" daemon [_thread_blocked, id=14339, stack(0x0000700000c3b000,0x0000700000d3b000)]
  0x00007fd5db801000 JavaThread "Reference Handler" daemon [_thread_blocked, id=13827, stack(0x0000700000b38000,0x0000700000c38000)]
  0x00007fd5dd001800 JavaThread "main" [_thread_blocked, id=5891, stack(0x000070000011a000,0x000070000021a000)]

Other Threads:
  0x00007fd5da02c800 VMThread [stack: 0x0000700000a35000,0x0000700000b35000] [id=13315]
  0x00007fd5da80d800 WatcherThread [stack: 0x00007000016dc000,0x00007000017dc000] [id=23043]

VM state:not at safepoint (normal execution)

VM Mutex/Monitor currently owned by a thread: None

Heap:
 PSYoungGen      total 74752K, used 19937K [0x000000076ab00000, 0x0000000770780000, 0x00000007c0000000)
  eden space 64000K, 14% used [0x000000076ab00000,0x000000076b400720,0x000000076e980000)
  from space 10752K, 99% used [0x000000076eb00000,0x000000076f578080,0x000000076f580000)
  to   space 15360K, 0% used [0x000000076f880000,0x000000076f880000,0x0000000770780000)
 ParOldGen       total 73728K, used 12442K [0x00000006c0000000, 0x00000006c4800000, 0x000000076ab00000)
  object space 73728K, 16% used [0x00000006c0000000,0x00000006c0c26bc8,0x00000006c4800000)
 Metaspace       used 22197K, capacity 22548K, committed 22912K, reserved 1069056K
  class space    used 2448K, capacity 2573K, committed 2688K, reserved 1048576K

Card table byte_map: [0x0000000113954000,0x0000000114155000] byte_map_base: 0x0000000110354000

Marking Bits: (ParMarkBitMap*) 0x0000000103ee6eb0
 Begin Bits: [0x00000001146ab000, 0x00000001186ab000)
 End Bits:   [0x00000001186ab000, 0x000000011c6ab000)

Polling page: 0x0000000102551000

CodeCache: size=245760Kb used=10101Kb max_used=10763Kb free=235659Kb
 bounds [0x0000000104594000, 0x0000000105034000, 0x0000000113594000]
 total_blobs=3173 nmethods=2731 adapters=363
 compilation: enabled

Compilation events (10 events):
Event: 61.642 Thread 0x00007fd5db834000 nmethod 2999 0x0000000104885a10 code [0x0000000104885f00, 0x0000000104886f30]
Event: 61.680 Thread 0x00007fd5db834800 nmethod 2996 0x0000000104922cd0 code [0x0000000104923260, 0x0000000104925c40]
Event: 94.718 Thread 0x00007fd5dd823000 3002       1       java.util.concurrent.atomic.AtomicInteger::get (5 bytes)
Event: 94.718 Thread 0x00007fd5dd823000 nmethod 3002 0x0000000104a44110 code [0x0000000104a44260, 0x0000000104a44370]
Event: 94.825 Thread 0x00007fd5dd823000 3003       3       org.hsqldb.Expression::getLeftNode (19 bytes)
Event: 94.825 Thread 0x00007fd5dd823000 nmethod 3003 0x00000001046a6b10 code [0x00000001046a6c80, 0x00000001046a6e70]
Event: 94.825 Thread 0x00007fd5dd823000 3004       3       org.hsqldb.rowio.RowOutputBinary::ensureRoom (6 bytes)
Event: 94.826 Thread 0x00007fd5dd823000 nmethod 3004 0x0000000104a4b850 code [0x0000000104a4b9c0, 0x0000000104a4bb68]
Event: 94.826 Thread 0x00007fd5dd823000 3005       3       org.hsqldb.rowio.RowOutputBinary::writeIntData (29 bytes)
Event: 94.826 Thread 0x00007fd5dd823000 nmethod 3005 0x00000001046bcc10 code [0x00000001046bcd80, 0x00000001046bcfe8]

GC Heap History (10 events):
Event: 29.969 GC heap before
{Heap before GC invocations=2 (full 0):
 PSYoungGen      total 76288K, used 74304K [0x000000076ab00000, 0x0000000770000000, 0x00000007c0000000)
  eden space 65536K, 100% used [0x000000076ab00000,0x000000076eb00000,0x000000076eb00000)
  from space 10752K, 81% used [0x000000076eb00000,0x000000076f390398,0x000000076f580000)
  to   space 10752K, 0% used [0x000000076f580000,0x000000076f580000,0x0000000770000000)
 ParOldGen       total 175104K, used 88K [0x00000006c0000000, 0x00000006cab00000, 0x000000076ab00000)
  object space 175104K, 0% used [0x00000006c0000000,0x00000006c0016010,0x00000006cab00000)
 Metaspace       used 17604K, capacity 17934K, committed 18176K, reserved 1064960K
  class space    used 2102K, capacity 2186K, committed 2304K, reserved 1048576K
Event: 29.974 GC heap after
Heap after GC invocations=2 (full 0):
 PSYoungGen      total 76288K, used 6314K [0x000000076ab00000, 0x0000000770000000, 0x00000007c0000000)
  eden space 65536K, 0% used [0x000000076ab00000,0x000000076ab00000,0x000000076eb00000)
  from space 10752K, 58% used [0x000000076f580000,0x000000076fbaab90,0x0000000770000000)
  to   space 10752K, 0% used [0x000000076eb00000,0x000000076eb00000,0x000000076f580000)
 ParOldGen       total 175104K, used 104K [0x00000006c0000000, 0x00000006cab00000, 0x000000076ab00000)
  object space 175104K, 0% used [0x00000006c0000000,0x00000006c001a010,0x00000006cab00000)
 Metaspace       used 17604K, capacity 17934K, committed 18176K, reserved 1064960K
  class space    used 2102K, capacity 2186K, committed 2304K, reserved 1048576K
}
Event: 31.414 GC heap before
{Heap before GC invocations=3 (full 0):
 PSYoungGen      total 76288K, used 71850K [0x000000076ab00000, 0x0000000770000000, 0x00000007c0000000)
  eden space 65536K, 100% used [0x000000076ab00000,0x000000076eb00000,0x000000076eb00000)
  from space 10752K, 58% used [0x000000076f580000,0x000000076fbaab90,0x0000000770000000)
  to   space 10752K, 0% used [0x000000076eb00000,0x000000076eb00000,0x000000076f580000)
 ParOldGen       total 175104K, used 104K [0x00000006c0000000, 0x00000006cab00000, 0x000000076ab00000)
  object space 175104K, 0% used [0x00000006c0000000,0x00000006c001a010,0x00000006cab00000)
 Metaspace       used 17737K, capacity 18100K, committed 18432K, reserved 1064960K
  class space    used 2106K, capacity 2221K, committed 2304K, reserved 1048576K
Event: 31.418 GC heap after
Heap after GC invocations=3 (full 0):
 PSYoungGen      total 76288K, used 4880K [0x000000076ab00000, 0x0000000770000000, 0x00000007c0000000)
  eden space 65536K, 0% used [0x000000076ab00000,0x000000076ab00000,0x000000076eb00000)
  from space 10752K, 45% used [0x000000076eb00000,0x000000076efc4030,0x000000076f580000)
  to   space 10752K, 0% used [0x000000076f580000,0x000000076f580000,0x0000000770000000)
 ParOldGen       total 175104K, used 112K [0x00000006c0000000, 0x00000006cab00000, 0x000000076ab00000)
  object space 175104K, 0% used [0x00000006c0000000,0x00000006c001c010,0x00000006cab00000)
 Metaspace       used 17737K, capacity 18100K, committed 18432K, reserved 1064960K
  class space    used 2106K, capacity 2221K, committed 2304K, reserved 1048576K
}
Event: 60.191 GC heap before
{Heap before GC invocations=4 (full 0):
 PSYoungGen      total 76288K, used 29403K [0x000000076ab00000, 0x0000000770000000, 0x00000007c0000000)
  eden space 65536K, 37% used [0x000000076ab00000,0x000000076c2f2d78,0x000000076eb00000)
  from space 10752K, 45% used [0x000000076eb00000,0x000000076efc4030,0x000000076f580000)
  to   space 10752K, 0% used [0x000000076f580000,0x000000076f580000,0x0000000770000000)
 ParOldGen       total 175104K, used 112K [0x00000006c0000000, 0x00000006cab00000, 0x000000076ab00000)
  object space 175104K, 0% used [0x00000006c0000000,0x00000006c001c010,0x00000006cab00000)
 Metaspace       used 20755K, capacity 21076K, committed 21248K, reserved 1069056K
  class space    used 2346K, capacity 2445K, committed 2560K, reserved 1048576K
Event: 60.199 GC heap after
Heap after GC invocations=4 (full 0):
 PSYoungGen      total 76288K, used 8189K [0x000000076ab00000, 0x0000000770000000, 0x00000007c0000000)
  eden space 65536K, 0% used [0x000000076ab00000,0x000000076ab00000,0x000000076eb00000)
  from space 10752K, 76% used [0x000000076f580000,0x000000076fd7f7e8,0x0000000770000000)
  to   space 10752K, 0% used [0x000000076eb00000,0x000000076eb00000,0x000000076f580000)
 ParOldGen       total 175104K, used 120K [0x00000006c0000000, 0x00000006cab00000, 0x000000076ab00000)
  object space 175104K, 0% used [0x00000006c0000000,0x00000006c001e010,0x00000006cab00000)
 Metaspace       used 20755K, capacity 21076K, committed 21248K, reserved 1069056K
  class space    used 2346K, capacity 2445K, committed 2560K, reserved 1048576K
}
Event: 60.199 GC heap before
{Heap before GC invocations=5 (full 1):
 PSYoungGen      total 76288K, used 8189K [0x000000076ab00000, 0x0000000770000000, 0x00000007c0000000)
  eden space 65536K, 0% used [0x000000076ab00000,0x000000076ab00000,0x000000076eb00000)
  from space 10752K, 76% used [0x000000076f580000,0x000000076fd7f7e8,0x0000000770000000)
  to   space 10752K, 0% used [0x000000076eb00000,0x000000076eb00000,0x000000076f580000)
 ParOldGen       total 175104K, used 120K [0x00000006c0000000, 0x00000006cab00000, 0x000000076ab00000)
  object space 175104K, 0% used [0x00000006c0000000,0x00000006c001e010,0x00000006cab00000)
 Metaspace       used 20755K, capacity 21076K, committed 21248K, reserved 1069056K
  class space    used 2346K, capacity 2445K, committed 2560K, reserved 1048576K
Event: 60.226 GC heap after
Heap after GC invocations=5 (full 1):
 PSYoungGen      total 76288K, used 0K [0x000000076ab00000, 0x0000000770000000, 0x00000007c0000000)
  eden space 65536K, 0% used [0x000000076ab00000,0x000000076ab00000,0x000000076eb00000)
  from space 10752K, 0% used [0x000000076f580000,0x000000076f580000,0x0000000770000000)
  to   space 10752K, 0% used [0x000000076eb00000,0x000000076eb00000,0x000000076f580000)
 ParOldGen       total 73728K, used 8013K [0x00000006c0000000, 0x00000006c4800000, 0x000000076ab00000)
  object space 73728K, 10% used [0x00000006c0000000,0x00000006c07d3458,0x00000006c4800000)
 Metaspace       used 20755K, capacity 21076K, committed 21248K, reserved 1069056K
  class space    used 2346K, capacity 2445K, committed 2560K, reserved 1048576K
}
Event: 60.607 GC heap before
{Heap before GC invocations=6 (full 1):
 PSYoungGen      total 76288K, used 65536K [0x000000076ab00000, 0x0000000770000000, 0x00000007c0000000)
  eden space 65536K, 100% used [0x000000076ab00000,0x000000076eb00000,0x000000076eb00000)
  from space 10752K, 0% used [0x000000076f580000,0x000000076f580000,0x0000000770000000)
  to   space 10752K, 0% used [0x000000076eb00000,0x000000076eb00000,0x000000076f580000)
 ParOldGen       total 73728K, used 8013K [0x00000006c0000000, 0x00000006c4800000, 0x000000076ab00000)
  object space 73728K, 10% used [0x00000006c0000000,0x00000006c07d3458,0x00000006c4800000)
 Metaspace       used 21567K, capacity 21908K, committed 22016K, reserved 1069056K
  class space    used 2408K, capacity 2509K, committed 2560K, reserved 1048576K
Event: 60.616 GC heap after
Heap after GC invocations=6 (full 1):
 PSYoungGen      total 74752K, used 10720K [0x000000076ab00000, 0x0000000770780000, 0x00000007c0000000)
  eden space 64000K, 0% used [0x000000076ab00000,0x000000076ab00000,0x000000076e980000)
  from space 10752K, 99% used [0x000000076eb00000,0x000000076f578080,0x000000076f580000)
  to   space 15360K, 0% used [0x000000076f880000,0x000000076f880000,0x0000000770780000)
 ParOldGen       total 73728K, used 12442K [0x00000006c0000000, 0x00000006c4800000, 0x000000076ab00000)
  object space 73728K, 16% used [0x00000006c0000000,0x00000006c0c26bc8,0x00000006c4800000)
 Metaspace       used 21567K, capacity 21908K, committed 22016K, reserved 1069056K
  class space    used 2408K, capacity 2509K, committed 2560K, reserved 1048576K
}

Deoptimization events (10 events):
Event: 60.553 Thread 0x00007fd5da04c800 Uncommon trap: reason=unstable_if action=reinterpret pc=0x0000000104f17538 method=org.hsqldb.map.BaseHashMap.nextLookup(I)I @ 36
Event: 60.560 Thread 0x00007fd5da04c800 Uncommon trap: reason=unstable_if action=reinterpret pc=0x0000000104f8991c method=org.hsqldb.SchemaManager.findUserTable(Lorg/hsqldb/Session;Ljava/lang/String;Ljava/lang/String;)Lorg/hsqldb/Table; @ 56
Event: 60.560 Thread 0x00007fd5da04c800 Uncommon trap: reason=unstable_if action=reinterpret pc=0x0000000104f1aa30 method=org.hsqldb.lib.HsqlByteArrayOutputStream.ensureRoom(I)V @ 15
Event: 60.620 Thread 0x00007fd5da04c800 Uncommon trap: reason=unstable_if action=reinterpret pc=0x0000000104fc145c method=org.hsqldb.lib.StringConverter.stringToUnicodeBytes(Lorg/hsqldb/lib/HsqlByteArrayOutputStream;Ljava/lang/String;Z)V @ 134
Event: 60.643 Thread 0x00007fd5da04c800 Uncommon trap: reason=unstable_if action=reinterpret pc=0x0000000104db2f30 method=java.util.ArrayList.remove(I)Ljava/lang/Object; @ 31
Event: 60.650 Thread 0x00007fd5da04c800 Uncommon trap: reason=bimorphic action=maybe_recompile pc=0x0000000104f19ca4 method=org.hsqldb.lib.HashMap.get(Ljava/lang/Object;)Ljava/lang/Object; @ 1
Event: 60.650 Thread 0x00007fd5da04c800 Uncommon trap: reason=unstable_if action=reinterpret pc=0x0000000104fcae24 method=java.io.BufferedOutputStream.write([BII)V @ 6
Event: 60.779 Thread 0x00007fd5dfa03000 Uncommon trap: reason=unstable_if action=reinterpret pc=0x0000000104fc200c method=org.hsqldb.scriptio.ScriptWriterText.writeSessionIdAndSchema(Lorg/hsqldb/Session;)V @ 10
Event: 61.624 Thread 0x00007fd5da24f000 Uncommon trap: reason=unstable_if action=reinterpret pc=0x0000000104fce008 method=org.hsqldb.index.IndexAVL$IndexRowIterator.getNextRow()Lorg/hsqldb/Row; @ 4
Event: 94.824 Thread 0x00007fd5df84b000 Uncommon trap: reason=unstable_if action=reinterpret pc=0x000000010489c234 method=org.hsqldb.Scanner.scanCharacterString()V @ 32

Internal exceptions (10 events):
Event: 14.833 Thread 0x00007fd5dd001800 Exception <a 'java/lang/ArrayIndexOutOfBoundsException'> (0x000000076e9fa380) thrown at [/Users/java_re/workspace/8-2-build-macosx-x86_64/jdk8u91/6644/hotspot/src/share/vm/runtime/sharedRuntime.cpp, line 605]
Event: 14.839 Thread 0x00007fd5dd001800 Exception <a 'java/lang/ArrayIndexOutOfBoundsException'> (0x000000076ea0e668) thrown at [/Users/java_re/workspace/8-2-build-macosx-x86_64/jdk8u91/6644/hotspot/src/share/vm/runtime/sharedRuntime.cpp, line 605]
Event: 19.417 Thread 0x00007fd5dd001800 Exception <a 'java/lang/NullPointerException'> (0x000000076c4c36a8) thrown at [/Users/java_re/workspace/8-2-build-macosx-x86_64/jdk8u91/6644/hotspot/src/share/vm/interpreter/linkResolver.cpp, line 1178]
Event: 20.051 Thread 0x00007fd5dd001800 Exception <a 'java/lang/NullPointerException'> (0x000000076d13e5b0) thrown at [/Users/java_re/workspace/8-2-build-macosx-x86_64/jdk8u91/6644/hotspot/src/share/vm/interpreter/linkResolver.cpp, line 1178]
Event: 26.377 Thread 0x00007fd5dd001800 Exception <a 'java/lang/NullPointerException'> (0x000000076d40db78) thrown at [/Users/java_re/workspace/8-2-build-macosx-x86_64/jdk8u91/6644/hotspot/src/share/vm/interpreter/linkResolver.cpp, line 1178]
Event: 60.391 Thread 0x00007fd5da04c800 Implicit null exception at 0x0000000104f72c51 to 0x0000000104f742d9
Event: 60.550 Thread 0x00007fd5da04c800 Implicit null exception at 0x00000001047da5a6 to 0x00000001047db3a5
Event: 60.552 Thread 0x00007fd5da04c800 Implicit null exception at 0x0000000104786bf1 to 0x000000010478771d
Event: 62.924 Thread 0x00007fd5da04c800 Exception <a 'java/net/SocketTimeoutException': Accept timed out> (0x000000076af07490) thrown at [/Users/java_re/workspace/8-2-build-macosx-x86_64/jdk8u91/6644/hotspot/src/share/vm/prims/jni.cpp, line 735]
Event: 94.718 Thread 0x00007fd5da04c800 Exception <a 'java/net/SocketTimeoutException': Accept timed out> (0x000000076af07828) thrown at [/Users/java_re/workspace/8-2-build-macosx-x86_64/jdk8u91/6644/hotspot/src/share/vm/prims/jni.cpp, line 735]

Events (10 events):
Event: 462.735 Executing VM operation: ChangeBreakpoints
Event: 462.736 Executing VM operation: ChangeBreakpoints done
Event: 462.739 Executing VM operation: RedefineClasses
Event: 462.756 Executing VM operation: RedefineClasses done
Event: 462.756 Executing VM operation: GetOrSetLocal
Event: 462.756 Executing VM operation: GetOrSetLocal done
Event: 462.797 Executing VM operation: ChangeBreakpoints
Event: 462.798 Executing VM operation: ChangeBreakpoints done
Event: 462.806 Executing VM operation: GetOrSetLocal
Event: 462.806 Executing VM operation: GetOrSetLocal done


Dynamic libraries:
0x00000000079be000 	/System/Library/Frameworks/Cocoa.framework/Versions/A/Cocoa
0x00000000079be000 	/System/Library/Frameworks/Security.framework/Versions/A/Security
0x00000000079be000 	/System/Library/Frameworks/ApplicationServices.framework/Versions/A/ApplicationServices
0x00000000079be000 	/usr/lib/libz.1.dylib
0x00000000079be000 	/usr/lib/libSystem.B.dylib
0x00000000079be000 	/usr/lib/libobjc.A.dylib
0x00000000079be000 	/System/Library/Frameworks/CoreFoundation.framework/Versions/A/CoreFoundation
0x00000000079be000 	/System/Library/Frameworks/Foundation.framework/Versions/C/Foundation
0x00000000079be000 	/System/Library/Frameworks/AppKit.framework/Versions/C/AppKit
0x00000000079be000 	/System/Library/Frameworks/CoreData.framework/Versions/A/CoreData
0x00000000079be000 	/System/Library/PrivateFrameworks/RemoteViewServices.framework/Versions/A/RemoteViewServices
0x00000000079be000 	/System/Library/PrivateFrameworks/UIFoundation.framework/Versions/A/UIFoundation
0x00000000079be000 	/usr/lib/libScreenReader.dylib
0x00000000079be000 	/System/Library/Frameworks/Accelerate.framework/Versions/A/Accelerate
0x00000000079be000 	/System/Library/Frameworks/IOSurface.framework/Versions/A/IOSurface
0x00000000079be000 	/System/Library/Frameworks/AudioToolbox.framework/Versions/A/AudioToolbox
0x00000000079be000 	/System/Library/Frameworks/AudioUnit.framework/Versions/A/AudioUnit
0x00000000079be000 	/System/Library/PrivateFrameworks/DataDetectorsCore.framework/Versions/A/DataDetectorsCore
0x00000000079be000 	/System/Library/PrivateFrameworks/DesktopServicesPriv.framework/Versions/A/DesktopServicesPriv
0x00000000079be000 	/System/Library/Frameworks/Carbon.framework/Versions/A/Frameworks/HIToolbox.framework/Versions/A/HIToolbox
0x00000000079be000 	/System/Library/Frameworks/QuartzCore.framework/Versions/A/QuartzCore
0x00000000079be000 	/System/Library/Frameworks/Carbon.framework/Versions/A/Frameworks/SpeechRecognition.framework/Versions/A/SpeechRecognition
0x00000000079be000 	/usr/lib/libauto.dylib
0x00000000079be000 	/usr/lib/libicucore.A.dylib
0x00000000079be000 	/usr/lib/libxml2.2.dylib
0x00000000079be000 	/System/Library/PrivateFrameworks/CoreUI.framework/Versions/A/CoreUI
0x00000000079be000 	/System/Library/Frameworks/CoreAudio.framework/Versions/A/CoreAudio
0x00000000079be000 	/System/Library/Frameworks/DiskArbitration.framework/Versions/A/DiskArbitration
0x00000000079be000 	/usr/lib/liblangid.dylib
0x00000000079be000 	/System/Library/PrivateFrameworks/MultitouchSupport.framework/Versions/A/MultitouchSupport
0x00000000079be000 	/System/Library/Frameworks/IOKit.framework/Versions/A/IOKit
0x00000000079be000 	/usr/lib/libDiagnosticMessagesClient.dylib
0x00000000079be000 	/System/Library/Frameworks/CoreServices.framework/Versions/A/CoreServices
0x00000000079be000 	/System/Library/PrivateFrameworks/PerformanceAnalysis.framework/Versions/A/PerformanceAnalysis
0x00000000079be000 	/System/Library/PrivateFrameworks/GenerationalStorage.framework/Versions/A/GenerationalStorage
0x00000000079be000 	/System/Library/Frameworks/OpenGL.framework/Versions/A/OpenGL
0x00000000079be000 	/System/Library/PrivateFrameworks/Sharing.framework/Versions/A/Sharing
0x00000000079be000 	/System/Library/Frameworks/CoreGraphics.framework/Versions/A/CoreGraphics
0x00000000079be000 	/System/Library/Frameworks/CoreImage.framework/Versions/A/CoreImage
0x00000000079be000 	/System/Library/Frameworks/CoreText.framework/Versions/A/CoreText
0x00000000079be000 	/System/Library/Frameworks/ImageIO.framework/Versions/A/ImageIO
0x00000000079be000 	/System/Library/PrivateFrameworks/Backup.framework/Versions/A/Backup
0x00000000079be000 	/usr/lib/libextension.dylib
0x00000000079be000 	/usr/lib/libarchive.2.dylib
0x00000000079be000 	/System/Library/Frameworks/CFNetwork.framework/Versions/A/CFNetwork
0x00000000079be000 	/System/Library/Frameworks/SystemConfiguration.framework/Versions/A/SystemConfiguration
0x00000000079be000 	/usr/lib/libCRFSuite.dylib
0x00000000079be000 	/usr/lib/libc++.1.dylib
0x00000000079be000 	/usr/lib/libc++abi.dylib
0x00000000079be000 	/usr/lib/system/libcache.dylib
0x00000000079be000 	/usr/lib/system/libcommonCrypto.dylib
0x00000000079be000 	/usr/lib/system/libcompiler_rt.dylib
0x00000000079be000 	/usr/lib/system/libcopyfile.dylib
0x00000000079be000 	/usr/lib/system/libcorecrypto.dylib
0x00000000079be000 	/usr/lib/system/libdispatch.dylib
0x00000000079be000 	/usr/lib/system/libdyld.dylib
0x00000000079be000 	/usr/lib/system/libkeymgr.dylib
0x00000000079be000 	/usr/lib/system/liblaunch.dylib
0x00000000079be000 	/usr/lib/system/libmacho.dylib
0x00000000079be000 	/usr/lib/system/libquarantine.dylib
0x00000000079be000 	/usr/lib/system/libremovefile.dylib
0x00000000079be000 	/usr/lib/system/libsystem_asl.dylib
0x00000000079be000 	/usr/lib/system/libsystem_blocks.dylib
0x00000000079be000 	/usr/lib/system/libsystem_c.dylib
0x00000000079be000 	/usr/lib/system/libsystem_configuration.dylib
0x00000000079be000 	/usr/lib/system/libsystem_coreservices.dylib
0x00000000079be000 	/usr/lib/system/libsystem_coretls.dylib
0x00000000079be000 	/usr/lib/system/libsystem_dnssd.dylib
0x00000000079be000 	/usr/lib/system/libsystem_info.dylib
0x00000000079be000 	/usr/lib/system/libsystem_kernel.dylib
0x00000000079be000 	/usr/lib/system/libsystem_m.dylib
0x00000000079be000 	/usr/lib/system/libsystem_malloc.dylib
0x00000000079be000 	/usr/lib/system/libsystem_network.dylib
0x00000000079be000 	/usr/lib/system/libsystem_networkextension.dylib
0x00000000079be000 	/usr/lib/system/libsystem_notify.dylib
0x00000000079be000 	/usr/lib/system/libsystem_platform.dylib
0x00000000079be000 	/usr/lib/system/libsystem_pthread.dylib
0x00000000079be000 	/usr/lib/system/libsystem_sandbox.dylib
0x00000000079be000 	/usr/lib/system/libsystem_secinit.dylib
0x00000000079be000 	/usr/lib/system/libsystem_trace.dylib
0x00000000079be000 	/usr/lib/system/libunc.dylib
0x00000000079be000 	/usr/lib/system/libunwind.dylib
0x00000000079be000 	/usr/lib/system/libxpc.dylib
0x00000000079be000 	/usr/lib/libenergytrace.dylib
0x00000000079be000 	/usr/lib/libbsm.0.dylib
0x00000000079be000 	/usr/lib/system/libkxld.dylib
0x00000000079be000 	/usr/lib/libxar.1.dylib
0x00000000079be000 	/usr/lib/libsqlite3.dylib
0x00000000079be000 	/usr/lib/libpam.2.dylib
0x00000000079be000 	/usr/lib/libOpenScriptingUtil.dylib
0x00000000079be000 	/usr/lib/libbz2.1.0.dylib
0x00000000079be000 	/usr/lib/liblzma.5.dylib
0x00000000079be000 	/System/Library/Frameworks/CoreServices.framework/Versions/A/Frameworks/FSEvents.framework/Versions/A/FSEvents
0x00000000079be000 	/System/Library/Frameworks/CoreServices.framework/Versions/A/Frameworks/CarbonCore.framework/Versions/A/CarbonCore
0x00000000079be000 	/System/Library/Frameworks/CoreServices.framework/Versions/A/Frameworks/Metadata.framework/Versions/A/Metadata
0x00000000079be000 	/System/Library/Frameworks/CoreServices.framework/Versions/A/Frameworks/OSServices.framework/Versions/A/OSServices
0x00000000079be000 	/System/Library/Frameworks/CoreServices.framework/Versions/A/Frameworks/SearchKit.framework/Versions/A/SearchKit
0x00000000079be000 	/System/Library/Frameworks/CoreServices.framework/Versions/A/Frameworks/AE.framework/Versions/A/AE
0x00000000079be000 	/System/Library/Frameworks/CoreServices.framework/Versions/A/Frameworks/LaunchServices.framework/Versions/A/LaunchServices
0x00000000079be000 	/System/Library/Frameworks/CoreServices.framework/Versions/A/Frameworks/DictionaryServices.framework/Versions/A/DictionaryServices
0x00000000079be000 	/System/Library/Frameworks/CoreServices.framework/Versions/A/Frameworks/SharedFileList.framework/Versions/A/SharedFileList
0x00000000079be000 	/System/Library/Frameworks/NetFS.framework/Versions/A/NetFS
0x00000000079be000 	/System/Library/PrivateFrameworks/NetAuth.framework/Versions/A/NetAuth
0x00000000079be000 	/System/Library/PrivateFrameworks/login.framework/Versions/A/Frameworks/loginsupport.framework/Versions/A/loginsupport
0x00000000079be000 	/System/Library/PrivateFrameworks/TCC.framework/Versions/A/TCC
0x00000000079be000 	/usr/lib/libmecabra.dylib
0x00000000079be000 	/System/Library/Frameworks/ApplicationServices.framework/Versions/A/Frameworks/ATS.framework/Versions/A/ATS
0x00000000079be000 	/System/Library/Frameworks/ApplicationServices.framework/Versions/A/Frameworks/ColorSync.framework/Versions/A/ColorSync
0x00000000079be000 	/System/Library/Frameworks/ApplicationServices.framework/Versions/A/Frameworks/HIServices.framework/Versions/A/HIServices
0x00000000079be000 	/System/Library/Frameworks/ApplicationServices.framework/Versions/A/Frameworks/LangAnalysis.framework/Versions/A/LangAnalysis
0x00000000079be000 	/System/Library/Frameworks/ApplicationServices.framework/Versions/A/Frameworks/PrintCore.framework/Versions/A/PrintCore
0x00000000079be000 	/System/Library/Frameworks/ApplicationServices.framework/Versions/A/Frameworks/QD.framework/Versions/A/QD
0x00000000079be000 	/System/Library/Frameworks/ApplicationServices.framework/Versions/A/Frameworks/SpeechSynthesis.framework/Versions/A/SpeechSynthesis
0x00000000079be000 	/System/Library/Frameworks/Metal.framework/Versions/A/Metal
0x00000000079be000 	/System/Library/Frameworks/Accelerate.framework/Versions/A/Frameworks/vImage.framework/Versions/A/vImage
0x00000000079be000 	/System/Library/Frameworks/Accelerate.framework/Versions/A/Frameworks/vecLib.framework/Versions/A/vecLib
0x00000000079be000 	/System/Library/Frameworks/Accelerate.framework/Versions/A/Frameworks/vecLib.framework/Versions/A/libvDSP.dylib
0x00000000079be000 	/System/Library/Frameworks/Accelerate.framework/Versions/A/Frameworks/vecLib.framework/Versions/A/libvMisc.dylib
0x00000000079be000 	/System/Library/Frameworks/Accelerate.framework/Versions/A/Frameworks/vecLib.framework/Versions/A/libLAPACK.dylib
0x00000000079be000 	/System/Library/Frameworks/Accelerate.framework/Versions/A/Frameworks/vecLib.framework/Versions/A/libBLAS.dylib
0x00000000079be000 	/System/Library/Frameworks/Accelerate.framework/Versions/A/Frameworks/vecLib.framework/Versions/A/libLinearAlgebra.dylib
0x00000000079be000 	/System/Library/Frameworks/Accelerate.framework/Versions/A/Frameworks/vecLib.framework/Versions/A/libSparseBLAS.dylib
0x00000000079be000 	/System/Library/PrivateFrameworks/GPUCompiler.framework/libmetal_timestamp.dylib
0x00000000079be000 	/System/Library/Frameworks/OpenGL.framework/Versions/A/Libraries/libCoreFSCache.dylib
0x00000000079be000 	/System/Library/PrivateFrameworks/IOAccelerator.framework/Versions/A/IOAccelerator
0x00000000079be000 	/System/Library/Frameworks/ApplicationServices.framework/Versions/A/Frameworks/ATS.framework/Versions/A/Resources/libFontParser.dylib
0x00000000079be000 	/System/Library/Frameworks/ApplicationServices.framework/Versions/A/Frameworks/ATS.framework/Versions/A/Resources/libFontRegistry.dylib
0x00000000079be000 	/System/Library/PrivateFrameworks/AppleVPA.framework/Versions/A/AppleVPA
0x00000000079be000 	/System/Library/PrivateFrameworks/AppleJPEG.framework/Versions/A/AppleJPEG
0x00000000079be000 	/System/Library/Frameworks/ImageIO.framework/Versions/A/Resources/libJPEG.dylib
0x00000000079be000 	/System/Library/Frameworks/ImageIO.framework/Versions/A/Resources/libTIFF.dylib
0x00000000079be000 	/System/Library/Frameworks/ImageIO.framework/Versions/A/Resources/libPng.dylib
0x00000000079be000 	/System/Library/Frameworks/ImageIO.framework/Versions/A/Resources/libGIF.dylib
0x00000000079be000 	/System/Library/Frameworks/ImageIO.framework/Versions/A/Resources/libJP2.dylib
0x00000000079be000 	/System/Library/Frameworks/ImageIO.framework/Versions/A/Resources/libRadiance.dylib
0x00000000079be000 	/System/Library/Frameworks/CoreVideo.framework/Versions/A/CoreVideo
0x00000000079be000 	/System/Library/Frameworks/OpenGL.framework/Versions/A/Libraries/libGLU.dylib
0x00000000079be000 	/System/Library/Frameworks/OpenGL.framework/Versions/A/Libraries/libGFXShared.dylib
0x00000000079be000 	/System/Library/Frameworks/OpenGL.framework/Versions/A/Libraries/libGL.dylib
0x00000000079be000 	/System/Library/Frameworks/OpenGL.framework/Versions/A/Libraries/libGLImage.dylib
0x00000000079be000 	/System/Library/Frameworks/OpenGL.framework/Versions/A/Libraries/libCVMSPluginSupport.dylib
0x00000000079be000 	/System/Library/Frameworks/OpenGL.framework/Versions/A/Libraries/libCoreVMClient.dylib
0x00000000079be000 	/usr/lib/libcompression.dylib
0x00000000079be000 	/usr/lib/libcups.2.dylib
0x00000000079be000 	/System/Library/Frameworks/Kerberos.framework/Versions/A/Kerberos
0x00000000079be000 	/System/Library/Frameworks/GSS.framework/Versions/A/GSS
0x00000000079be000 	/usr/lib/libresolv.9.dylib
0x00000000079be000 	/usr/lib/libiconv.2.dylib
0x00000000079be000 	/System/Library/PrivateFrameworks/Heimdal.framework/Versions/A/Heimdal
0x00000000079be000 	/usr/lib/libheimdal-asn1.dylib
0x00000000079be000 	/System/Library/Frameworks/OpenDirectory.framework/Versions/A/OpenDirectory
0x00000000079be000 	/System/Library/PrivateFrameworks/CommonAuth.framework/Versions/A/CommonAuth
0x00000000079be000 	/System/Library/Frameworks/OpenDirectory.framework/Versions/A/Frameworks/CFOpenDirectory.framework/Versions/A/CFOpenDirectory
0x00000000079be000 	/System/Library/Frameworks/SecurityFoundation.framework/Versions/A/SecurityFoundation
0x00000000079be000 	/System/Library/PrivateFrameworks/LanguageModeling.framework/Versions/A/LanguageModeling
0x00000000079be000 	/usr/lib/libmarisa.dylib
0x00000000079be000 	/usr/lib/libChineseTokenizer.dylib
0x00000000079be000 	/usr/lib/libcmph.dylib
0x00000000079be000 	/System/Library/Frameworks/ServiceManagement.framework/Versions/A/ServiceManagement
0x00000000079be000 	/usr/lib/libxslt.1.dylib
0x00000000079be000 	/System/Library/Frameworks/Carbon.framework/Versions/A/Frameworks/Ink.framework/Versions/A/Ink
0x00000000079be000 	/usr/lib/libFosl_dynamic.dylib
0x00000000079be000 	/System/Library/PrivateFrameworks/FaceCore.framework/Versions/A/FaceCore
0x00000000079be000 	/System/Library/Frameworks/OpenCL.framework/Versions/A/OpenCL
0x00000000079be000 	/System/Library/PrivateFrameworks/CrashReporterSupport.framework/Versions/A/CrashReporterSupport
0x00000000079be000 	/System/Library/PrivateFrameworks/IconServices.framework/Versions/A/IconServices
0x00000000079be000 	/System/Library/PrivateFrameworks/Apple80211.framework/Versions/A/Apple80211
0x00000000079be000 	/System/Library/Frameworks/CoreWLAN.framework/Versions/A/CoreWLAN
0x00000000079be000 	/System/Library/Frameworks/IOBluetooth.framework/Versions/A/IOBluetooth
0x00000000079be000 	/System/Library/PrivateFrameworks/CoreWiFi.framework/Versions/A/CoreWiFi
0x00000000079be000 	/System/Library/Frameworks/CoreBluetooth.framework/Versions/A/CoreBluetooth
0x00000000079be000 	/System/Library/PrivateFrameworks/ChunkingLibrary.framework/Versions/A/ChunkingLibrary
0x00000000079be000 	/System/Library/PrivateFrameworks/DebugSymbols.framework/Versions/A/DebugSymbols
0x00000000079be000 	/System/Library/PrivateFrameworks/CoreSymbolication.framework/Versions/A/CoreSymbolication
0x00000000079be000 	/System/Library/PrivateFrameworks/Symbolication.framework/Versions/A/Symbolication
0x00000000079be000 	/System/Library/PrivateFrameworks/SpeechRecognitionCore.framework/Versions/A/SpeechRecognitionCore
0x0000000103600000 	/Library/Java/JavaVirtualMachines/jdk1.8.0_91.jdk/Contents/Home/jre/lib/server/libjvm.dylib
0x00000000079be000 	/usr/lib/libstdc++.6.dylib
0x000000010250e000 	/Library/Java/JavaVirtualMachines/jdk1.8.0_91.jdk/Contents/Home/jre/lib/libverify.dylib
0x000000010251c000 	/Library/Java/JavaVirtualMachines/jdk1.8.0_91.jdk/Contents/Home/jre/lib/libjava.dylib
0x0000000102552000 	/Library/Java/JavaVirtualMachines/jdk1.8.0_91.jdk/Contents/Home/jre/lib/libjdwp.dylib
0x000000010259d000 	/Library/Java/JavaVirtualMachines/jdk1.8.0_91.jdk/Contents/Home/jre/lib/libnpt.dylib
0x00000001025aa000 	/Library/Java/JavaVirtualMachines/jdk1.8.0_91.jdk/Contents/Home/jre/lib/libzip.dylib
0x000000011f601000 	/System/Library/Frameworks/JavaVM.framework/Frameworks/JavaRuntimeSupport.framework/JavaRuntimeSupport
0x000000011f61c000 	/System/Library/Frameworks/JavaVM.framework/Versions/A/Frameworks/JavaNativeFoundation.framework/Versions/A/JavaNativeFoundation
0x000000011f631000 	/System/Library/Frameworks/JavaVM.framework/Versions/A/JavaVM
0x00000000079be000 	/System/Library/Frameworks/Carbon.framework/Versions/A/Carbon
0x000000011f63e000 	/System/Library/PrivateFrameworks/JavaLaunching.framework/Versions/A/JavaLaunching
0x00000000079be000 	/System/Library/Frameworks/Carbon.framework/Versions/A/Frameworks/CommonPanels.framework/Versions/A/CommonPanels
0x00000000079be000 	/System/Library/Frameworks/Carbon.framework/Versions/A/Frameworks/Help.framework/Versions/A/Help
0x00000000079be000 	/System/Library/Frameworks/Carbon.framework/Versions/A/Frameworks/ImageCapture.framework/Versions/A/ImageCapture
0x00000000079be000 	/System/Library/Frameworks/Carbon.framework/Versions/A/Frameworks/OpenScripting.framework/Versions/A/OpenScripting
0x00000000079be000 	/System/Library/Frameworks/Carbon.framework/Versions/A/Frameworks/Print.framework/Versions/A/Print
0x00000000079be000 	/System/Library/Frameworks/Carbon.framework/Versions/A/Frameworks/SecurityHI.framework/Versions/A/SecurityHI
0x0000000120f5d000 	/Library/Java/JavaVirtualMachines/jdk1.8.0_91.jdk/Contents/Home/jre/lib/libdt_socket.dylib
0x00000001210c2000 	/Library/Java/JavaVirtualMachines/jdk1.8.0_91.jdk/Contents/Home/jre/lib/libnio.dylib
0x00000001210d2000 	/Library/Java/JavaVirtualMachines/jdk1.8.0_91.jdk/Contents/Home/jre/lib/./libnet.dylib
0x000000012199b000 	/Library/Java/JavaVirtualMachines/jdk1.8.0_91.jdk/Contents/Home/jre/lib/libsunec.dylib

VM Arguments:
jvm_args: -agentlib:jdwp=transport=dt_socket,address=127.0.0.1:53729,suspend=y,server=n -Djava.library.path=/Users/jarndt/Downloads/OGameAutomizerRD -Dfile.encoding=UTF-8 
java_command: Runner
java_class_path (initial): /Library/Java/JavaVirtualMachines/jdk1.8.0_91.jdk/Contents/Home/jre/lib/charsets.jar:/Library/Java/JavaVirtualMachines/jdk1.8.0_91.jdk/Contents/Home/jre/lib/deploy.jar:/Library/Java/JavaVirtualMachines/jdk1.8.0_91.jdk/Contents/Home/jre/lib/ext/cldrdata.jar:/Library/Java/JavaVirtualMachines/jdk1.8.0_91.jdk/Contents/Home/jre/lib/ext/dnsns.jar:/Library/Java/JavaVirtualMachines/jdk1.8.0_91.jdk/Contents/Home/jre/lib/ext/jaccess.jar:/Library/Java/JavaVirtualMachines/jdk1.8.0_91.jdk/Contents/Home/jre/lib/ext/jfxrt.jar:/Library/Java/JavaVirtualMachines/jdk1.8.0_91.jdk/Contents/Home/jre/lib/ext/localedata.jar:/Library/Java/JavaVirtualMachines/jdk1.8.0_91.jdk/Contents/Home/jre/lib/ext/nashorn.jar:/Library/Java/JavaVirtualMachines/jdk1.8.0_91.jdk/Contents/Home/jre/lib/ext/sunec.jar:/Library/Java/JavaVirtualMachines/jdk1.8.0_91.jdk/Contents/Home/jre/lib/ext/sunjce_provider.jar:/Library/Java/JavaVirtualMachines/jdk1.8.0_91.jdk/Contents/Home/jre/lib/ext/sunpkcs11.jar:/Library/Java/JavaVirtualMachines/jdk1.8.0_91.jdk/Contents/Home/jre/lib/ext/zipfs.jar:/Library/Java/JavaVirtualMachines/jdk1.8.0_91.jdk/Contents/Home/jre/lib/javaws.jar:/Library/Java/JavaVirtualMachines/jdk1.8.0_91.jdk/Contents/Home/jre/lib/jce.jar:/Library/Java/JavaVirtualMachines/jdk1.8.0_91.jdk/Contents/Home/jre/lib/jfr.jar:/Library/Java/JavaVirtualMachines/jdk1.8.0_91.jdk/Contents/Home/jre/lib/jfxswt.jar:/Library/Java/JavaVirtualMachines/jdk1.8.0_91.jdk/Contents/Home/jre/lib/jsse.jar:/Library/Java/JavaVirtualMachines/jdk1.8.0_91.jdk/Contents/Home/jre/lib/management-agent.jar:/Library/Java/JavaVirtualMachines/jdk1.8.0_91.jdk/Contents/Home/jre/lib/plugin.jar:/Library/Java/JavaVirtualMachines/jdk1.8.0_91.jdk/Contents/Home/jre/lib/resources.jar:/Library/Java/JavaVirtualMachines/jdk1.8.0_91.jdk/Contents/Home/jre/lib/rt.jar:/Library/Java/JavaVirtualMachines/jdk1.8.0_91.jdk/Contents/Home/lib/ant-javafx.jar:/Library/Java/JavaVirtualMachines/jdk1.8.0_91.jdk/Contents/Home/lib/dt.jar:/Library/Ja
Launcher Type: SUN_STANDARD

Environment Variables:
JAVA_HOME=/Library/Java/JavaVirtualMachines/jdk1.8.0_91.jdk/Contents/Home/jre
PATH=/usr/local/bin:/usr/bin:/bin:/usr/sbin:/sbin:/usr/local/sbin:/opt/X11/bin:/Library/Frameworks/Mono.framework/Versions/Current/Commands:/Library/TeX/texbin
SHELL=/bin/bash
DISPLAY=/private/tmp/com.apple.launchd.bO7dK0vs00/org.macosforge.xquartz:0

Signal Handlers:
SIGSEGV: [libjvm.dylib+0x5a97a1], sa_mask[0]=11111111011111110111111111111111, sa_flags=SA_ONSTACK|SA_RESTART|SA_SIGINFO
SIGBUS: [libjvm.dylib+0x5a97a1], sa_mask[0]=11111111011111110111111111111111, sa_flags=SA_RESTART|SA_SIGINFO
SIGFPE: [libjvm.dylib+0x482594], sa_mask[0]=11111111011111110111111111111111, sa_flags=SA_RESTART|SA_SIGINFO
SIGPIPE: [libjvm.dylib+0x482594], sa_mask[0]=11111111011111110111111111111111, sa_flags=SA_RESTART|SA_SIGINFO
SIGXFSZ: [libjvm.dylib+0x482594], sa_mask[0]=11111111011111110111111111111111, sa_flags=SA_RESTART|SA_SIGINFO
SIGILL: [libjvm.dylib+0x482594], sa_mask[0]=11111111011111110111111111111111, sa_flags=SA_RESTART|SA_SIGINFO
SIGUSR1: SIG_DFL, sa_mask[0]=00000000000000000000000000000000, sa_flags=none
SIGUSR2: [libjvm.dylib+0x4820b2], sa_mask[0]=00100000000000000000000000000000, sa_flags=SA_RESTART|SA_SIGINFO
SIGHUP: [libjvm.dylib+0x480689], sa_mask[0]=11111111011111110111111111111111, sa_flags=SA_RESTART|SA_SIGINFO
SIGINT: [libjvm.dylib+0x480689], sa_mask[0]=11111111011111110111111111111111, sa_flags=SA_RESTART|SA_SIGINFO
SIGTERM: [libjvm.dylib+0x480689], sa_mask[0]=11111111011111110111111111111111, sa_flags=SA_RESTART|SA_SIGINFO
SIGQUIT: [libjvm.dylib+0x480689], sa_mask[0]=11111111011111110111111111111111, sa_flags=SA_RESTART|SA_SIGINFO


---------------  S Y S T E M  ---------------

OS:Bsduname:Darwin 15.6.0 Darwin Kernel Version 15.6.0: Mon Aug 29 20:21:34 PDT 2016; root:xnu-3248.60.11~1/RELEASE_X86_64 x86_64
rlimit: STACK 8192k, CORE 0k, NPROC 709, NOFILE 10240, AS infinity
load average:2.23 2.40 2.51

CPU:total 8 (4 cores per cpu, 2 threads per core) family 6 model 70 stepping 1, cmov, cx8, fxsr, mmx, sse, sse2, sse3, ssse3, sse4.1, sse4.2, popcnt, avx, avx2, aes, clmul, erms, lzcnt, ht, tsc, tscinvbit, bmi1, bmi2

Memory: 4k page, physical 16777216k(527208k free)

/proc/meminfo:


vm_info: Java HotSpot(TM) 64-Bit Server VM (25.91-b14) for bsd-amd64 JRE (1.8.0_91-b14), built on Apr  1 2016 01:03:00 by "java_re" with gcc 4.2.1 (Based on Apple Inc. build 5658) (LLVM build 2336.11.00)

time: Fri Sep 30 14:50:59 2016
elapsed time: 462 seconds (0d 0h 7m 42s)

