#
# A fatal error has been detected by the Java Runtime Environment:
#
#  SIGSEGV (0xb) at pc=0x0000000108c48358, pid=19014, tid=18947
#
# JRE version: Java(TM) SE Runtime Environment (8.0_91-b14) (build 1.8.0_91-b14)
# Java VM: Java HotSpot(TM) 64-Bit Server VM (25.91-b14 mixed mode bsd-amd64 compressed oops)
# Problematic frame:
# V  [libjvm.dylib+0x448358]  Method::checked_resolve_jmethod_id(_jmethodID*)+0xe
#
# Failed to write core dump. Core dumps have been disabled. To enable core dumping, try "ulimit -c unlimited" before starting Java again
#
# If you would like to submit a bug report, please visit:
#   http://bugreport.java.com/bugreport/crash.jsp
#

---------------  T H R E A D  ---------------

Current thread (0x00007fac7f81f000):  JavaThread "JDWP Transport Listener: dt_socket" daemon [_thread_in_vm, id=18947, stack(0x0000700000ec4000,0x0000700000fc4000)]

siginfo: si_signo: 11 (SIGSEGV), si_code: 0 (unknown), si_addr: 0x0000000000000000

Registers:
RAX=0x0000000000000001, RBX=0x0000700000fc3a8b, RCX=0x0000000109018340, RDX=0x0000700000fc3a8b
RSP=0x0000700000fc39d0, RBP=0x0000700000fc39e0, RSI=0x00007fac7f81f000, RDI=0xfc00000000000000
R8 =0x0000000000000000, R9 =0x00007fac7be1aba0, R10=0x00000000a60178e4, R11=0x00007fac7be00000
R12=0x00007fac7f81f000, R13=0xfc00000000000000, R14=0xfc00000000000000, R15=0x00007fac7e0022c0
RIP=0x0000000108c48358, EFLAGS=0x0000000000010286, ERR=0x0000000000000000
  TRAPNO=0x000000000000000d

Top of Stack: (sp=0x0000700000fc39d0)
0x0000700000fc39d0:   0000700000fc3a8b 0000700000fc3a8b
0x0000700000fc39e0:   0000700000fc3a40 0000000108b57316
0x0000700000fc39f0:   00007fac7f81f000 0000000000000000
0x0000700000fc3a00:   0000000000000000 0000000000000000
0x0000700000fc3a10:   00007fac7f81f000 00007fac7f81f000
0x0000700000fc3a20:   0000700000fc3a8b 0000700000fc3a90
0x0000700000fc3a30:   fc00000000000000 0000000000000003
0x0000700000fc3a40:   0000700000fc3a60 000000010777a780
0x0000700000fc3a50:   0000000000000001 0000700000fc3b08
0x0000700000fc3a60:   0000700000fc3ad0 000000010775f1f3
0x0000700000fc3a70:   0000700000fc3aa0 00007fac7be00fd0
0x0000700000fc3a80:   0000000500000032 f000100a01fc3b08
0x0000700000fc3a90:   0000000000000000 0000000000000000
0x0000700000fc3aa0:   0000000000000000 0000700000fc3c90
0x0000700000fc3ab0:   0000000107781e7a 00007fac7bd02d20
0x0000700000fc3ac0:   0000700000fc3b08 000000010778d598
0x0000700000fc3ad0:   0000700000fc3ae0 000000010775f2ec
0x0000700000fc3ae0:   0000700000fc3d00 0000000107768898
0x0000700000fc3af0:   00010baf00000013 00000000000f0200
0x0000700000fc3b00:   00007fac7bd12a30 0000700000fc3c02
0x0000700000fc3b10:   00007fac00000082 0000700000fc3b20
0x0000700000fc3b20:   00000000000000aa 0000700000fc3b58
0x0000700000fc3b30:   0000000000000000 0000000000000000
0x0000700000fc3b40:   00010baf00000030 00007fff00005c80
0x0000700000fc3b50:   0000700000fc3b58 ac7f000005000000
0x0000700000fc3b60:   0500000040a5377e 00000049416e7572
0x0000700000fc3b70:   63656a626f4c2812 49412f69612f7374
0x0000700000fc3b80:   000000000056293b 7eac7f0000090000
0x0000700000fc3b90:   6d0400000020c401 28160000006e6961
0x0000700000fc3ba0:   6c2f6176616a4c5b 697274532f676e61
0x0000700000fc3bb0:   00000056293b676e 7f00000900000000
0x0000700000fc3bc0:   0000009063387eac 246164626d616c0d 

Instructions: (pc=0x0000000108c48358)
0x0000000108c48338:   40 48 48 85 c0 75 e0 30 c0 0f b6 c0 5d c3 31 c0
0x0000000108c48348:   5d c3 55 48 89 e5 53 48 83 ec 08 48 85 ff 74 24
0x0000000108c48358:   48 8b 1f 48 85 db 74 1c 48 83 fb 37 74 16 48 8b
0x0000000108c48368:   03 48 89 df ff 50 10 84 c0 b8 00 00 00 00 48 0f 

Register to memory mapping:

RAX=0x0000000000000001 is an unknown value
RBX=0x0000700000fc3a8b is pointing into the stack for thread: 0x00007fac7f81f000
RCX=0x0000000109018340: UseMembar+0 in /Library/Java/JavaVirtualMachines/jdk1.8.0_91.jdk/Contents/Home/jre/lib/server/libjvm.dylib at 0x0000000108800000
RDX=0x0000700000fc3a8b is pointing into the stack for thread: 0x00007fac7f81f000
RSP=0x0000700000fc39d0 is pointing into the stack for thread: 0x00007fac7f81f000
RBP=0x0000700000fc39e0 is pointing into the stack for thread: 0x00007fac7f81f000
RSI=0x00007fac7f81f000 is a thread
RDI=0xfc00000000000000 is an unknown value
R8 =0x0000000000000000 is an unknown value
R9 =0x00007fac7be1aba0 is an unknown value
R10=0x00000000a60178e4 is an unknown value
R11=0x00007fac7be00000 is an unknown value
R12=0x00007fac7f81f000 is a thread
R13=0xfc00000000000000 is an unknown value
R14=0xfc00000000000000 is an unknown value
R15=0x00007fac7e0022c0 is an unknown value


Stack: [0x0000700000ec4000,0x0000700000fc4000],  sp=0x0000700000fc39d0,  free space=1022k
Native frames: (J=compiled Java code, j=interpreted, Vv=VM code, C=native code)
V  [libjvm.dylib+0x448358]  Method::checked_resolve_jmethod_id(_jmethodID*)+0xe
V  [libjvm.dylib+0x357316]  jvmti_IsMethodSynthetic+0xb2
C  [libjdwp.dylib+0x20780]  isMethodSynthetic+0x63
C  [libjdwp.dylib+0x51f3]  methods1+0x10b
C  [libjdwp.dylib+0x52ec]  methodsWithGeneric+0xe
C  [libjdwp.dylib+0xe898]  debugLoop_run+0x1ce
C  [libjdwp.dylib+0x1f6ba]  attachThread+0x4d
V  [libjvm.dylib+0x39867c]  JvmtiAgentThread::call_start_function()+0x38
V  [libjvm.dylib+0x563d17]  JavaThread::thread_main_inner()+0x9b
V  [libjvm.dylib+0x565412]  JavaThread::run()+0x1c2
V  [libjvm.dylib+0x484f82]  java_start(Thread*)+0xf6
C  [libsystem_pthread.dylib+0x399d]  _pthread_body+0x83
C  [libsystem_pthread.dylib+0x391a]  _pthread_body+0x0
C  [libsystem_pthread.dylib+0x1351]  thread_start+0xd
C  0x0000000000000000


---------------  P R O C E S S  ---------------

Java Threads: ( => current thread )
  0x00007fac7f331800 JavaThread "Exec Stream Pumper" daemon [_thread_blocked, id=27651, stack(0x0000700001d19000,0x0000700001e19000)]
  0x00007fac7f227000 JavaThread "Exec Stream Pumper" daemon [_thread_blocked, id=27139, stack(0x0000700001c16000,0x0000700001d16000)]
  0x00007fac7c2c9000 JavaThread "process reaper" daemon [_thread_blocked, id=26627, stack(0x0000700001beb000,0x0000700001c13000)]
  0x00007fac7f36f000 JavaThread "Exec Default Executor" daemon [_thread_blocked, id=26127, stack(0x0000700001ae8000,0x0000700001be8000)]
  0x00007fac7f144800 JavaThread "Thread-2" daemon [_thread_blocked, id=24579, stack(0x00007000019e5000,0x0000700001ae5000)]
  0x00007fac80052800 JavaThread "Thread-1" [_thread_blocked, id=24067, stack(0x00007000018e2000,0x00007000019e2000)]
  0x00007fac8005d000 JavaThread "Thread-0" [_thread_blocked, id=23555, stack(0x00007000017df000,0x00007000018df000)]
  0x00007fac7e813000 JavaThread "Service Thread" daemon [_thread_blocked, id=22531, stack(0x00007000015d9000,0x00007000016d9000)]
  0x00007fac7c80b800 JavaThread "C1 CompilerThread3" daemon [_thread_blocked, id=22019, stack(0x00007000014d6000,0x00007000015d6000)]
  0x00007fac7f049000 JavaThread "C2 CompilerThread2" daemon [_thread_blocked, id=21507, stack(0x00007000013d3000,0x00007000014d3000)]
  0x00007fac7c803000 JavaThread "C2 CompilerThread1" daemon [_thread_blocked, id=20995, stack(0x00007000012d0000,0x00007000013d0000)]
  0x00007fac7f041800 JavaThread "C2 CompilerThread0" daemon [_thread_blocked, id=20483, stack(0x00007000011cd000,0x00007000012cd000)]
  0x00007fac7c801000 JavaThread "JDWP Command Reader" daemon [_thread_in_native, id=19971, stack(0x00007000010ca000,0x00007000011ca000)]
  0x00007fac7c038000 JavaThread "JDWP Event Helper Thread" daemon [_thread_blocked, id=19459, stack(0x0000700000fc7000,0x00007000010c7000)]
=>0x00007fac7f81f000 JavaThread "JDWP Transport Listener: dt_socket" daemon [_thread_in_vm, id=18947, stack(0x0000700000ec4000,0x0000700000fc4000)]
  0x00007fac7e812800 JavaThread "Signal Dispatcher" daemon [_thread_blocked, id=15887, stack(0x0000700000dc1000,0x0000700000ec1000)]
  0x00007fac7e80b800 JavaThread "Finalizer" daemon [_thread_blocked, id=14339, stack(0x0000700000c3b000,0x0000700000d3b000)]
  0x00007fac7f001000 JavaThread "Reference Handler" daemon [_thread_blocked, id=13827, stack(0x0000700000b38000,0x0000700000c38000)]
  0x00007fac7c00e800 JavaThread "main" [_thread_blocked, id=5891, stack(0x000070000011a000,0x000070000021a000)]

Other Threads:
  0x00007fac7c025800 VMThread [stack: 0x0000700000a35000,0x0000700000b35000] [id=13315]
  0x00007fac7d83d800 WatcherThread [stack: 0x00007000016dc000,0x00007000017dc000] [id=23043]

VM state:not at safepoint (normal execution)

VM Mutex/Monitor currently owned by a thread: None

Heap:
 PSYoungGen      total 76288K, used 25064K [0x000000076ab00000, 0x0000000770000000, 0x00000007c0000000)
  eden space 65536K, 28% used [0x000000076ab00000,0x000000076bd7a4c0,0x000000076eb00000)
  from space 10752K, 57% used [0x000000076f580000,0x000000076fb7fb50,0x0000000770000000)
  to   space 10752K, 0% used [0x000000076eb00000,0x000000076eb00000,0x000000076f580000)
 ParOldGen       total 175104K, used 104K [0x00000006c0000000, 0x00000006cab00000, 0x000000076ab00000)
  object space 175104K, 0% used [0x00000006c0000000,0x00000006c001a010,0x00000006cab00000)
 Metaspace       used 18086K, capacity 18398K, committed 18688K, reserved 1064960K
  class space    used 2115K, capacity 2216K, committed 2304K, reserved 1048576K

Card table byte_map: [0x0000000118b54000,0x0000000119355000] byte_map_base: 0x0000000115554000

Marking Bits: (ParMarkBitMap*) 0x00000001090e6eb0
 Begin Bits: [0x00000001198ab000, 0x000000011d8ab000)
 End Bits:   [0x000000011d8ab000, 0x00000001218ab000)

Polling page: 0x0000000107759000

CodeCache: size=245760Kb used=8068Kb max_used=8261Kb free=237691Kb
 bounds [0x0000000109794000, 0x0000000109fd4000, 0x0000000118794000]
 total_blobs=2585 nmethods=2221 adapters=285
 compilation: enabled

Compilation events (10 events):
Event: 798.084 Thread 0x00007fac7c803000 nmethod 2370 0x0000000109a9d190 code [0x0000000109a9d2e0, 0x0000000109a9d338]
Event: 798.086 Thread 0x00007fac7f041800 nmethod 2369 0x00000001098b5410 code [0x00000001098b5600, 0x00000001098b6318]
Event: 848.073 Thread 0x00007fac7c80b800 2371       3       sun.nio.fs.UnixPath::toUnixPath (32 bytes)
Event: 848.073 Thread 0x00007fac7c80b800 nmethod 2371 0x0000000109923390 code [0x0000000109923540, 0x0000000109923a18]
Event: 848.073 Thread 0x00007fac7c80b800 2372       3       sun.nio.fs.UnixPath::isEmpty (14 bytes)
Event: 848.073 Thread 0x00007fac7c80b800 nmethod 2372 0x000000010996b810 code [0x000000010996b980, 0x000000010996bb30]
Event: 848.074 Thread 0x00007fac7c80b800 2373       3       sun.nio.fs.AbstractPath::<init> (5 bytes)
Event: 848.074 Thread 0x00007fac7c80b800 nmethod 2373 0x0000000109a85d50 code [0x0000000109a85ec0, 0x0000000109a86070]
Event: 848.079 Thread 0x00007fac7c80b800 2374  s!   3       java.net.Socket::close (47 bytes)
Event: 848.079 Thread 0x00007fac7c80b800 nmethod 2374 0x0000000109a11850 code [0x0000000109a11a00, 0x0000000109a122e8]

GC Heap History (4 events):
Event: 18.264 GC heap before
{Heap before GC invocations=1 (full 0):
 PSYoungGen      total 76288K, used 65536K [0x000000076ab00000, 0x0000000770000000, 0x00000007c0000000)
  eden space 65536K, 100% used [0x000000076ab00000,0x000000076eb00000,0x000000076eb00000)
  from space 10752K, 0% used [0x000000076f580000,0x000000076f580000,0x0000000770000000)
  to   space 10752K, 0% used [0x000000076eb00000,0x000000076eb00000,0x000000076f580000)
 ParOldGen       total 175104K, used 0K [0x00000006c0000000, 0x00000006cab00000, 0x000000076ab00000)
  object space 175104K, 0% used [0x00000006c0000000,0x00000006c0000000,0x00000006cab00000)
 Metaspace       used 16050K, capacity 16338K, committed 16384K, reserved 1062912K
  class space    used 1948K, capacity 2046K, committed 2048K, reserved 1048576K
Event: 18.272 GC heap after
Heap after GC invocations=1 (full 0):
 PSYoungGen      total 76288K, used 8374K [0x000000076ab00000, 0x0000000770000000, 0x00000007c0000000)
  eden space 65536K, 0% used [0x000000076ab00000,0x000000076ab00000,0x000000076eb00000)
  from space 10752K, 77% used [0x000000076eb00000,0x000000076f32d818,0x000000076f580000)
  to   space 10752K, 0% used [0x000000076f580000,0x000000076f580000,0x0000000770000000)
 ParOldGen       total 175104K, used 88K [0x00000006c0000000, 0x00000006cab00000, 0x000000076ab00000)
  object space 175104K, 0% used [0x00000006c0000000,0x00000006c0016010,0x00000006cab00000)
 Metaspace       used 16050K, capacity 16338K, committed 16384K, reserved 1062912K
  class space    used 1948K, capacity 2046K, committed 2048K, reserved 1048576K
}
Event: 208.252 GC heap before
{Heap before GC invocations=2 (full 0):
 PSYoungGen      total 76288K, used 73910K [0x000000076ab00000, 0x0000000770000000, 0x00000007c0000000)
  eden space 65536K, 100% used [0x000000076ab00000,0x000000076eb00000,0x000000076eb00000)
  from space 10752K, 77% used [0x000000076eb00000,0x000000076f32d818,0x000000076f580000)
  to   space 10752K, 0% used [0x000000076f580000,0x000000076f580000,0x0000000770000000)
 ParOldGen       total 175104K, used 88K [0x00000006c0000000, 0x00000006cab00000, 0x000000076ab00000)
  object space 175104K, 0% used [0x00000006c0000000,0x00000006c0016010,0x00000006cab00000)
 Metaspace       used 17541K, capacity 17854K, committed 18176K, reserved 1064960K
  class space    used 2095K, capacity 2184K, committed 2304K, reserved 1048576K
Event: 208.258 GC heap after
Heap after GC invocations=2 (full 0):
 PSYoungGen      total 76288K, used 6142K [0x000000076ab00000, 0x0000000770000000, 0x00000007c0000000)
  eden space 65536K, 0% used [0x000000076ab00000,0x000000076ab00000,0x000000076eb00000)
  from space 10752K, 57% used [0x000000076f580000,0x000000076fb7fb50,0x0000000770000000)
  to   space 10752K, 0% used [0x000000076eb00000,0x000000076eb00000,0x000000076f580000)
 ParOldGen       total 175104K, used 104K [0x00000006c0000000, 0x00000006cab00000, 0x000000076ab00000)
  object space 175104K, 0% used [0x00000006c0000000,0x00000006c001a010,0x00000006cab00000)
 Metaspace       used 17541K, capacity 17854K, committed 18176K, reserved 1064960K
  class space    used 2095K, capacity 2184K, committed 2304K, reserved 1048576K
}

Deoptimization events (10 events):
Event: 1.753 Thread 0x00007fac7f227000 Uncommon trap: reason=unstable_if action=reinterpret pc=0x0000000109b75890 method=org.openqa.selenium.io.CircularOutputStream.write(I)V @ 9
Event: 1.821 Thread 0x00007fac7f227000 Uncommon trap: reason=unstable_if action=reinterpret pc=0x0000000109b7dcb4 method=org.openqa.selenium.io.CircularOutputStream.write(I)V @ 52
Event: 3.294 Thread 0x00007fac7c00e800 Uncommon trap: reason=unstable_if action=reinterpret pc=0x0000000109b2de84 method=java.util.concurrent.ConcurrentHashMap.putVal(Ljava/lang/Object;Ljava/lang/Object;Z)Ljava/lang/Object; @ 181
Event: 18.711 Thread 0x00007fac7c00e800 Uncommon trap: reason=bimorphic action=maybe_recompile pc=0x0000000109ba42bc method=java.util.HashMap.putVal(ILjava/lang/Object;Ljava/lang/Object;ZZ)Ljava/lang/Object; @ 203
Event: 18.711 Thread 0x00007fac7c00e800 Uncommon trap: reason=bimorphic action=maybe_recompile pc=0x0000000109ba42bc method=java.util.HashMap.putVal(ILjava/lang/Object;Ljava/lang/Object;ZZ)Ljava/lang/Object; @ 203
Event: 18.711 Thread 0x00007fac7c00e800 Uncommon trap: reason=bimorphic action=maybe_recompile pc=0x0000000109ba42bc method=java.util.HashMap.putVal(ILjava/lang/Object;Ljava/lang/Object;ZZ)Ljava/lang/Object; @ 203
Event: 18.711 Thread 0x00007fac7c00e800 Uncommon trap: reason=bimorphic action=maybe_recompile pc=0x0000000109ba42bc method=java.util.HashMap.putVal(ILjava/lang/Object;Ljava/lang/Object;ZZ)Ljava/lang/Object; @ 203
Event: 18.711 Thread 0x00007fac7c00e800 Uncommon trap: reason=bimorphic action=maybe_recompile pc=0x0000000109ba76c4 method=java.util.HashMap.putVal(ILjava/lang/Object;Ljava/lang/Object;ZZ)Ljava/lang/Object; @ 203
Event: 24.708 Thread 0x00007fac7c00e800 Uncommon trap: reason=unstable_if action=reinterpret pc=0x0000000109cfc6cc method=com.google.gson.stream.JsonWriter.string(Ljava/lang/String;)V @ 57
Event: 31.863 Thread 0x00007fac7c00e800 Uncommon trap: reason=unstable_if action=reinterpret pc=0x0000000109b19d70 method=java.util.concurrent.ConcurrentHashMap.addCount(JI)V @ 121

Internal exceptions (10 events):
Event: 3.255 Thread 0x00007fac7c00e800 Exception <a 'java/lang/ArrayIndexOutOfBoundsException': 18> (0x000000076dfebe60) thrown at [/Users/java_re/workspace/8-2-build-macosx-x86_64/jdk8u91/6644/hotspot/src/share/vm/interpreter/interpreterRuntime.cpp, line 366]
Event: 3.255 Thread 0x00007fac7c00e800 Exception <a 'java/lang/ArrayIndexOutOfBoundsException': 90> (0x000000076dfed458) thrown at [/Users/java_re/workspace/8-2-build-macosx-x86_64/jdk8u91/6644/hotspot/src/share/vm/interpreter/interpreterRuntime.cpp, line 366]
Event: 3.256 Thread 0x00007fac7c00e800 Exception <a 'java/lang/ArrayIndexOutOfBoundsException': 105> (0x000000076dfef208) thrown at [/Users/java_re/workspace/8-2-build-macosx-x86_64/jdk8u91/6644/hotspot/src/share/vm/interpreter/interpreterRuntime.cpp, line 366]
Event: 3.256 Thread 0x00007fac7c00e800 Exception <a 'java/lang/ArrayIndexOutOfBoundsException': 60> (0x000000076dff0448) thrown at [/Users/java_re/workspace/8-2-build-macosx-x86_64/jdk8u91/6644/hotspot/src/share/vm/interpreter/interpreterRuntime.cpp, line 366]
Event: 31.813 Thread 0x00007fac7c00e800 Exception <a 'java/lang/ArrayIndexOutOfBoundsException'> (0x000000076c0a0d88) thrown at [/Users/java_re/workspace/8-2-build-macosx-x86_64/jdk8u91/6644/hotspot/src/share/vm/runtime/sharedRuntime.cpp, line 605]
Event: 31.837 Thread 0x00007fac7c00e800 Exception <a 'java/lang/ArrayIndexOutOfBoundsException'> (0x000000076c1179c0) thrown at [/Users/java_re/workspace/8-2-build-macosx-x86_64/jdk8u91/6644/hotspot/src/share/vm/runtime/sharedRuntime.cpp, line 605]
Event: 31.837 Thread 0x00007fac7c00e800 Exception <a 'java/lang/ArrayIndexOutOfBoundsException'> (0x000000076c119630) thrown at [/Users/java_re/workspace/8-2-build-macosx-x86_64/jdk8u91/6644/hotspot/src/share/vm/runtime/sharedRuntime.cpp, line 605]
Event: 31.837 Thread 0x00007fac7c00e800 Exception <a 'java/lang/ArrayIndexOutOfBoundsException'> (0x000000076c11b670) thrown at [/Users/java_re/workspace/8-2-build-macosx-x86_64/jdk8u91/6644/hotspot/src/share/vm/runtime/sharedRuntime.cpp, line 605]
Event: 31.837 Thread 0x00007fac7c00e800 Exception <a 'java/lang/ArrayIndexOutOfBoundsException'> (0x000000076c11ca40) thrown at [/Users/java_re/workspace/8-2-build-macosx-x86_64/jdk8u91/6644/hotspot/src/share/vm/runtime/sharedRuntime.cpp, line 605]
Event: 31.838 Thread 0x00007fac7c00e800 Exception <a 'java/lang/ArrayIndexOutOfBoundsException'> (0x000000076c12c030) thrown at [/Users/java_re/workspace/8-2-build-macosx-x86_64/jdk8u91/6644/hotspot/src/share/vm/runtime/sharedRuntime.cpp, line 605]

Events (10 events):
Event: 65473.659 Executing VM operation: RedefineClasses
Event: 65473.670 Executing VM operation: RedefineClasses done
Event: 65473.708 Executing VM operation: ChangeBreakpoints
Event: 65473.709 Executing VM operation: ChangeBreakpoints done
Event: 65473.714 Executing VM operation: ChangeBreakpoints
Event: 65473.714 Executing VM operation: ChangeBreakpoints done
Event: 65473.718 Executing VM operation: GetOrSetLocal
Event: 65473.718 Executing VM operation: GetOrSetLocal done
Event: 65473.719 Executing VM operation: GetOrSetLocal
Event: 65473.719 Executing VM operation: GetOrSetLocal done


Dynamic libraries:
0x00000000079be000 	/System/Library/Frameworks/Cocoa.framework/Versions/A/Cocoa
0x00000000079be000 	/System/Library/Frameworks/Security.framework/Versions/A/Security
0x00000000079be000 	/System/Library/Frameworks/ApplicationServices.framework/Versions/A/ApplicationServices
0x00000000079be000 	/usr/lib/libz.1.dylib
0x00000000079be000 	/usr/lib/libSystem.B.dylib
0x00000000079be000 	/usr/lib/libobjc.A.dylib
0x00000000079be000 	/System/Library/Frameworks/CoreFoundation.framework/Versions/A/CoreFoundation
0x00000000079be000 	/System/Library/Frameworks/Foundation.framework/Versions/C/Foundation
0x00000000079be000 	/System/Library/Frameworks/AppKit.framework/Versions/C/AppKit
0x00000000079be000 	/System/Library/Frameworks/CoreData.framework/Versions/A/CoreData
0x00000000079be000 	/System/Library/PrivateFrameworks/RemoteViewServices.framework/Versions/A/RemoteViewServices
0x00000000079be000 	/System/Library/PrivateFrameworks/UIFoundation.framework/Versions/A/UIFoundation
0x00000000079be000 	/usr/lib/libScreenReader.dylib
0x00000000079be000 	/System/Library/Frameworks/Accelerate.framework/Versions/A/Accelerate
0x00000000079be000 	/System/Library/Frameworks/IOSurface.framework/Versions/A/IOSurface
0x00000000079be000 	/System/Library/Frameworks/AudioToolbox.framework/Versions/A/AudioToolbox
0x00000000079be000 	/System/Library/Frameworks/AudioUnit.framework/Versions/A/AudioUnit
0x00000000079be000 	/System/Library/PrivateFrameworks/DataDetectorsCore.framework/Versions/A/DataDetectorsCore
0x00000000079be000 	/System/Library/PrivateFrameworks/DesktopServicesPriv.framework/Versions/A/DesktopServicesPriv
0x00000000079be000 	/System/Library/Frameworks/Carbon.framework/Versions/A/Frameworks/HIToolbox.framework/Versions/A/HIToolbox
0x00000000079be000 	/System/Library/Frameworks/QuartzCore.framework/Versions/A/QuartzCore
0x00000000079be000 	/System/Library/Frameworks/Carbon.framework/Versions/A/Frameworks/SpeechRecognition.framework/Versions/A/SpeechRecognition
0x00000000079be000 	/usr/lib/libauto.dylib
0x00000000079be000 	/usr/lib/libicucore.A.dylib
0x00000000079be000 	/usr/lib/libxml2.2.dylib
0x00000000079be000 	/System/Library/PrivateFrameworks/CoreUI.framework/Versions/A/CoreUI
0x00000000079be000 	/System/Library/Frameworks/CoreAudio.framework/Versions/A/CoreAudio
0x00000000079be000 	/System/Library/Frameworks/DiskArbitration.framework/Versions/A/DiskArbitration
0x00000000079be000 	/usr/lib/liblangid.dylib
0x00000000079be000 	/System/Library/PrivateFrameworks/MultitouchSupport.framework/Versions/A/MultitouchSupport
0x00000000079be000 	/System/Library/Frameworks/IOKit.framework/Versions/A/IOKit
0x00000000079be000 	/usr/lib/libDiagnosticMessagesClient.dylib
0x00000000079be000 	/System/Library/Frameworks/CoreServices.framework/Versions/A/CoreServices
0x00000000079be000 	/System/Library/PrivateFrameworks/PerformanceAnalysis.framework/Versions/A/PerformanceAnalysis
0x00000000079be000 	/System/Library/PrivateFrameworks/GenerationalStorage.framework/Versions/A/GenerationalStorage
0x00000000079be000 	/System/Library/Frameworks/OpenGL.framework/Versions/A/OpenGL
0x00000000079be000 	/System/Library/PrivateFrameworks/Sharing.framework/Versions/A/Sharing
0x00000000079be000 	/System/Library/Frameworks/CoreGraphics.framework/Versions/A/CoreGraphics
0x00000000079be000 	/System/Library/Frameworks/CoreImage.framework/Versions/A/CoreImage
0x00000000079be000 	/System/Library/Frameworks/CoreText.framework/Versions/A/CoreText
0x00000000079be000 	/System/Library/Frameworks/ImageIO.framework/Versions/A/ImageIO
0x00000000079be000 	/System/Library/PrivateFrameworks/Backup.framework/Versions/A/Backup
0x00000000079be000 	/usr/lib/libextension.dylib
0x00000000079be000 	/usr/lib/libarchive.2.dylib
0x00000000079be000 	/System/Library/Frameworks/CFNetwork.framework/Versions/A/CFNetwork
0x00000000079be000 	/System/Library/Frameworks/SystemConfiguration.framework/Versions/A/SystemConfiguration
0x00000000079be000 	/usr/lib/libCRFSuite.dylib
0x00000000079be000 	/usr/lib/libc++.1.dylib
0x00000000079be000 	/usr/lib/libc++abi.dylib
0x00000000079be000 	/usr/lib/system/libcache.dylib
0x00000000079be000 	/usr/lib/system/libcommonCrypto.dylib
0x00000000079be000 	/usr/lib/system/libcompiler_rt.dylib
0x00000000079be000 	/usr/lib/system/libcopyfile.dylib
0x00000000079be000 	/usr/lib/system/libcorecrypto.dylib
0x00000000079be000 	/usr/lib/system/libdispatch.dylib
0x00000000079be000 	/usr/lib/system/libdyld.dylib
0x00000000079be000 	/usr/lib/system/libkeymgr.dylib
0x00000000079be000 	/usr/lib/system/liblaunch.dylib
0x00000000079be000 	/usr/lib/system/libmacho.dylib
0x00000000079be000 	/usr/lib/system/libquarantine.dylib
0x00000000079be000 	/usr/lib/system/libremovefile.dylib
0x00000000079be000 	/usr/lib/system/libsystem_asl.dylib
0x00000000079be000 	/usr/lib/system/libsystem_blocks.dylib
0x00000000079be000 	/usr/lib/system/libsystem_c.dylib
0x00000000079be000 	/usr/lib/system/libsystem_configuration.dylib
0x00000000079be000 	/usr/lib/system/libsystem_coreservices.dylib
0x00000000079be000 	/usr/lib/system/libsystem_coretls.dylib
0x00000000079be000 	/usr/lib/system/libsystem_dnssd.dylib
0x00000000079be000 	/usr/lib/system/libsystem_info.dylib
0x00000000079be000 	/usr/lib/system/libsystem_kernel.dylib
0x00000000079be000 	/usr/lib/system/libsystem_m.dylib
0x00000000079be000 	/usr/lib/system/libsystem_malloc.dylib
0x00000000079be000 	/usr/lib/system/libsystem_network.dylib
0x00000000079be000 	/usr/lib/system/libsystem_networkextension.dylib
0x00000000079be000 	/usr/lib/system/libsystem_notify.dylib
0x00000000079be000 	/usr/lib/system/libsystem_platform.dylib
0x00000000079be000 	/usr/lib/system/libsystem_pthread.dylib
0x00000000079be000 	/usr/lib/system/libsystem_sandbox.dylib
0x00000000079be000 	/usr/lib/system/libsystem_secinit.dylib
0x00000000079be000 	/usr/lib/system/libsystem_trace.dylib
0x00000000079be000 	/usr/lib/system/libunc.dylib
0x00000000079be000 	/usr/lib/system/libunwind.dylib
0x00000000079be000 	/usr/lib/system/libxpc.dylib
0x00000000079be000 	/usr/lib/libenergytrace.dylib
0x00000000079be000 	/usr/lib/libbsm.0.dylib
0x00000000079be000 	/usr/lib/system/libkxld.dylib
0x00000000079be000 	/usr/lib/libxar.1.dylib
0x00000000079be000 	/usr/lib/libsqlite3.dylib
0x00000000079be000 	/usr/lib/libpam.2.dylib
0x00000000079be000 	/usr/lib/libOpenScriptingUtil.dylib
0x00000000079be000 	/usr/lib/libbz2.1.0.dylib
0x00000000079be000 	/usr/lib/liblzma.5.dylib
0x00000000079be000 	/System/Library/Frameworks/CoreServices.framework/Versions/A/Frameworks/FSEvents.framework/Versions/A/FSEvents
0x00000000079be000 	/System/Library/Frameworks/CoreServices.framework/Versions/A/Frameworks/CarbonCore.framework/Versions/A/CarbonCore
0x00000000079be000 	/System/Library/Frameworks/CoreServices.framework/Versions/A/Frameworks/Metadata.framework/Versions/A/Metadata
0x00000000079be000 	/System/Library/Frameworks/CoreServices.framework/Versions/A/Frameworks/OSServices.framework/Versions/A/OSServices
0x00000000079be000 	/System/Library/Frameworks/CoreServices.framework/Versions/A/Frameworks/SearchKit.framework/Versions/A/SearchKit
0x00000000079be000 	/System/Library/Frameworks/CoreServices.framework/Versions/A/Frameworks/AE.framework/Versions/A/AE
0x00000000079be000 	/System/Library/Frameworks/CoreServices.framework/Versions/A/Frameworks/LaunchServices.framework/Versions/A/LaunchServices
0x00000000079be000 	/System/Library/Frameworks/CoreServices.framework/Versions/A/Frameworks/DictionaryServices.framework/Versions/A/DictionaryServices
0x00000000079be000 	/System/Library/Frameworks/CoreServices.framework/Versions/A/Frameworks/SharedFileList.framework/Versions/A/SharedFileList
0x00000000079be000 	/System/Library/Frameworks/NetFS.framework/Versions/A/NetFS
0x00000000079be000 	/System/Library/PrivateFrameworks/NetAuth.framework/Versions/A/NetAuth
0x00000000079be000 	/System/Library/PrivateFrameworks/login.framework/Versions/A/Frameworks/loginsupport.framework/Versions/A/loginsupport
0x00000000079be000 	/System/Library/PrivateFrameworks/TCC.framework/Versions/A/TCC
0x00000000079be000 	/usr/lib/libmecabra.dylib
0x00000000079be000 	/System/Library/Frameworks/ApplicationServices.framework/Versions/A/Frameworks/ATS.framework/Versions/A/ATS
0x00000000079be000 	/System/Library/Frameworks/ApplicationServices.framework/Versions/A/Frameworks/ColorSync.framework/Versions/A/ColorSync
0x00000000079be000 	/System/Library/Frameworks/ApplicationServices.framework/Versions/A/Frameworks/HIServices.framework/Versions/A/HIServices
0x00000000079be000 	/System/Library/Frameworks/ApplicationServices.framework/Versions/A/Frameworks/LangAnalysis.framework/Versions/A/LangAnalysis
0x00000000079be000 	/System/Library/Frameworks/ApplicationServices.framework/Versions/A/Frameworks/PrintCore.framework/Versions/A/PrintCore
0x00000000079be000 	/System/Library/Frameworks/ApplicationServices.framework/Versions/A/Frameworks/QD.framework/Versions/A/QD
0x00000000079be000 	/System/Library/Frameworks/ApplicationServices.framework/Versions/A/Frameworks/SpeechSynthesis.framework/Versions/A/SpeechSynthesis
0x00000000079be000 	/System/Library/Frameworks/Metal.framework/Versions/A/Metal
0x00000000079be000 	/System/Library/Frameworks/Accelerate.framework/Versions/A/Frameworks/vImage.framework/Versions/A/vImage
0x00000000079be000 	/System/Library/Frameworks/Accelerate.framework/Versions/A/Frameworks/vecLib.framework/Versions/A/vecLib
0x00000000079be000 	/System/Library/Frameworks/Accelerate.framework/Versions/A/Frameworks/vecLib.framework/Versions/A/libvDSP.dylib
0x00000000079be000 	/System/Library/Frameworks/Accelerate.framework/Versions/A/Frameworks/vecLib.framework/Versions/A/libvMisc.dylib
0x00000000079be000 	/System/Library/Frameworks/Accelerate.framework/Versions/A/Frameworks/vecLib.framework/Versions/A/libLAPACK.dylib
0x00000000079be000 	/System/Library/Frameworks/Accelerate.framework/Versions/A/Frameworks/vecLib.framework/Versions/A/libBLAS.dylib
0x00000000079be000 	/System/Library/Frameworks/Accelerate.framework/Versions/A/Frameworks/vecLib.framework/Versions/A/libLinearAlgebra.dylib
0x00000000079be000 	/System/Library/Frameworks/Accelerate.framework/Versions/A/Frameworks/vecLib.framework/Versions/A/libSparseBLAS.dylib
0x00000000079be000 	/System/Library/PrivateFrameworks/GPUCompiler.framework/libmetal_timestamp.dylib
0x00000000079be000 	/System/Library/Frameworks/OpenGL.framework/Versions/A/Libraries/libCoreFSCache.dylib
0x00000000079be000 	/System/Library/PrivateFrameworks/IOAccelerator.framework/Versions/A/IOAccelerator
0x00000000079be000 	/System/Library/Frameworks/ApplicationServices.framework/Versions/A/Frameworks/ATS.framework/Versions/A/Resources/libFontParser.dylib
0x00000000079be000 	/System/Library/Frameworks/ApplicationServices.framework/Versions/A/Frameworks/ATS.framework/Versions/A/Resources/libFontRegistry.dylib
0x00000000079be000 	/System/Library/PrivateFrameworks/AppleVPA.framework/Versions/A/AppleVPA
0x00000000079be000 	/System/Library/PrivateFrameworks/AppleJPEG.framework/Versions/A/AppleJPEG
0x00000000079be000 	/System/Library/Frameworks/ImageIO.framework/Versions/A/Resources/libJPEG.dylib
0x00000000079be000 	/System/Library/Frameworks/ImageIO.framework/Versions/A/Resources/libTIFF.dylib
0x00000000079be000 	/System/Library/Frameworks/ImageIO.framework/Versions/A/Resources/libPng.dylib
0x00000000079be000 	/System/Library/Frameworks/ImageIO.framework/Versions/A/Resources/libGIF.dylib
0x00000000079be000 	/System/Library/Frameworks/ImageIO.framework/Versions/A/Resources/libJP2.dylib
0x00000000079be000 	/System/Library/Frameworks/ImageIO.framework/Versions/A/Resources/libRadiance.dylib
0x00000000079be000 	/System/Library/Frameworks/CoreVideo.framework/Versions/A/CoreVideo
0x00000000079be000 	/System/Library/Frameworks/OpenGL.framework/Versions/A/Libraries/libGLU.dylib
0x00000000079be000 	/System/Library/Frameworks/OpenGL.framework/Versions/A/Libraries/libGFXShared.dylib
0x00000000079be000 	/System/Library/Frameworks/OpenGL.framework/Versions/A/Libraries/libGL.dylib
0x00000000079be000 	/System/Library/Frameworks/OpenGL.framework/Versions/A/Libraries/libGLImage.dylib
0x00000000079be000 	/System/Library/Frameworks/OpenGL.framework/Versions/A/Libraries/libCVMSPluginSupport.dylib
0x00000000079be000 	/System/Library/Frameworks/OpenGL.framework/Versions/A/Libraries/libCoreVMClient.dylib
0x00000000079be000 	/usr/lib/libcompression.dylib
0x00000000079be000 	/usr/lib/libcups.2.dylib
0x00000000079be000 	/System/Library/Frameworks/Kerberos.framework/Versions/A/Kerberos
0x00000000079be000 	/System/Library/Frameworks/GSS.framework/Versions/A/GSS
0x00000000079be000 	/usr/lib/libresolv.9.dylib
0x00000000079be000 	/usr/lib/libiconv.2.dylib
0x00000000079be000 	/System/Library/PrivateFrameworks/Heimdal.framework/Versions/A/Heimdal
0x00000000079be000 	/usr/lib/libheimdal-asn1.dylib
0x00000000079be000 	/System/Library/Frameworks/OpenDirectory.framework/Versions/A/OpenDirectory
0x00000000079be000 	/System/Library/PrivateFrameworks/CommonAuth.framework/Versions/A/CommonAuth
0x00000000079be000 	/System/Library/Frameworks/OpenDirectory.framework/Versions/A/Frameworks/CFOpenDirectory.framework/Versions/A/CFOpenDirectory
0x00000000079be000 	/System/Library/Frameworks/SecurityFoundation.framework/Versions/A/SecurityFoundation
0x00000000079be000 	/System/Library/PrivateFrameworks/LanguageModeling.framework/Versions/A/LanguageModeling
0x00000000079be000 	/usr/lib/libmarisa.dylib
0x00000000079be000 	/usr/lib/libChineseTokenizer.dylib
0x00000000079be000 	/usr/lib/libcmph.dylib
0x00000000079be000 	/System/Library/Frameworks/ServiceManagement.framework/Versions/A/ServiceManagement
0x00000000079be000 	/usr/lib/libxslt.1.dylib
0x00000000079be000 	/System/Library/Frameworks/Carbon.framework/Versions/A/Frameworks/Ink.framework/Versions/A/Ink
0x00000000079be000 	/usr/lib/libFosl_dynamic.dylib
0x00000000079be000 	/System/Library/PrivateFrameworks/FaceCore.framework/Versions/A/FaceCore
0x00000000079be000 	/System/Library/Frameworks/OpenCL.framework/Versions/A/OpenCL
0x00000000079be000 	/System/Library/PrivateFrameworks/CrashReporterSupport.framework/Versions/A/CrashReporterSupport
0x00000000079be000 	/System/Library/PrivateFrameworks/IconServices.framework/Versions/A/IconServices
0x00000000079be000 	/System/Library/PrivateFrameworks/Apple80211.framework/Versions/A/Apple80211
0x00000000079be000 	/System/Library/Frameworks/CoreWLAN.framework/Versions/A/CoreWLAN
0x00000000079be000 	/System/Library/Frameworks/IOBluetooth.framework/Versions/A/IOBluetooth
0x00000000079be000 	/System/Library/PrivateFrameworks/CoreWiFi.framework/Versions/A/CoreWiFi
0x00000000079be000 	/System/Library/Frameworks/CoreBluetooth.framework/Versions/A/CoreBluetooth
0x00000000079be000 	/System/Library/PrivateFrameworks/ChunkingLibrary.framework/Versions/A/ChunkingLibrary
0x00000000079be000 	/System/Library/PrivateFrameworks/DebugSymbols.framework/Versions/A/DebugSymbols
0x00000000079be000 	/System/Library/PrivateFrameworks/CoreSymbolication.framework/Versions/A/CoreSymbolication
0x00000000079be000 	/System/Library/PrivateFrameworks/Symbolication.framework/Versions/A/Symbolication
0x00000000079be000 	/System/Library/PrivateFrameworks/SpeechRecognitionCore.framework/Versions/A/SpeechRecognitionCore
0x0000000108800000 	/Library/Java/JavaVirtualMachines/jdk1.8.0_91.jdk/Contents/Home/jre/lib/server/libjvm.dylib
0x00000000079be000 	/usr/lib/libstdc++.6.dylib
0x0000000107716000 	/Library/Java/JavaVirtualMachines/jdk1.8.0_91.jdk/Contents/Home/jre/lib/libverify.dylib
0x0000000107724000 	/Library/Java/JavaVirtualMachines/jdk1.8.0_91.jdk/Contents/Home/jre/lib/libjava.dylib
0x000000010775a000 	/Library/Java/JavaVirtualMachines/jdk1.8.0_91.jdk/Contents/Home/jre/lib/libjdwp.dylib
0x00000001077a5000 	/Library/Java/JavaVirtualMachines/jdk1.8.0_91.jdk/Contents/Home/jre/lib/libnpt.dylib
0x00000001077b2000 	/Library/Java/JavaVirtualMachines/jdk1.8.0_91.jdk/Contents/Home/jre/lib/libzip.dylib
0x00000001077e4000 	/System/Library/Frameworks/JavaVM.framework/Frameworks/JavaRuntimeSupport.framework/JavaRuntimeSupport
0x0000000124821000 	/System/Library/Frameworks/JavaVM.framework/Versions/A/Frameworks/JavaNativeFoundation.framework/Versions/A/JavaNativeFoundation
0x0000000124836000 	/System/Library/Frameworks/JavaVM.framework/Versions/A/JavaVM
0x00000000079be000 	/System/Library/Frameworks/Carbon.framework/Versions/A/Carbon
0x0000000124843000 	/System/Library/PrivateFrameworks/JavaLaunching.framework/Versions/A/JavaLaunching
0x00000000079be000 	/System/Library/Frameworks/Carbon.framework/Versions/A/Frameworks/CommonPanels.framework/Versions/A/CommonPanels
0x00000000079be000 	/System/Library/Frameworks/Carbon.framework/Versions/A/Frameworks/Help.framework/Versions/A/Help
0x00000000079be000 	/System/Library/Frameworks/Carbon.framework/Versions/A/Frameworks/ImageCapture.framework/Versions/A/ImageCapture
0x00000000079be000 	/System/Library/Frameworks/Carbon.framework/Versions/A/Frameworks/OpenScripting.framework/Versions/A/OpenScripting
0x00000000079be000 	/System/Library/Frameworks/Carbon.framework/Versions/A/Frameworks/Print.framework/Versions/A/Print
0x00000000079be000 	/System/Library/Frameworks/Carbon.framework/Versions/A/Frameworks/SecurityHI.framework/Versions/A/SecurityHI
0x0000000126166000 	/Library/Java/JavaVirtualMachines/jdk1.8.0_91.jdk/Contents/Home/jre/lib/libdt_socket.dylib
0x00000001262ca000 	/Library/Java/JavaVirtualMachines/jdk1.8.0_91.jdk/Contents/Home/jre/lib/libnio.dylib
0x00000001262da000 	/Library/Java/JavaVirtualMachines/jdk1.8.0_91.jdk/Contents/Home/jre/lib/./libnet.dylib
0x0000000126ba2000 	/Library/Java/JavaVirtualMachines/jdk1.8.0_91.jdk/Contents/Home/jre/lib/libsunec.dylib

VM Arguments:
jvm_args: -agentlib:jdwp=transport=dt_socket,address=127.0.0.1:53994,suspend=y,server=n -Djava.library.path=/Users/jarndt/Downloads/OGameAutomizerRD -Dfile.encoding=UTF-8 
java_command: Runner
java_class_path (initial): /Library/Java/JavaVirtualMachines/jdk1.8.0_91.jdk/Contents/Home/jre/lib/charsets.jar:/Library/Java/JavaVirtualMachines/jdk1.8.0_91.jdk/Contents/Home/jre/lib/deploy.jar:/Library/Java/JavaVirtualMachines/jdk1.8.0_91.jdk/Contents/Home/jre/lib/ext/cldrdata.jar:/Library/Java/JavaVirtualMachines/jdk1.8.0_91.jdk/Contents/Home/jre/lib/ext/dnsns.jar:/Library/Java/JavaVirtualMachines/jdk1.8.0_91.jdk/Contents/Home/jre/lib/ext/jaccess.jar:/Library/Java/JavaVirtualMachines/jdk1.8.0_91.jdk/Contents/Home/jre/lib/ext/jfxrt.jar:/Library/Java/JavaVirtualMachines/jdk1.8.0_91.jdk/Contents/Home/jre/lib/ext/localedata.jar:/Library/Java/JavaVirtualMachines/jdk1.8.0_91.jdk/Contents/Home/jre/lib/ext/nashorn.jar:/Library/Java/JavaVirtualMachines/jdk1.8.0_91.jdk/Contents/Home/jre/lib/ext/sunec.jar:/Library/Java/JavaVirtualMachines/jdk1.8.0_91.jdk/Contents/Home/jre/lib/ext/sunjce_provider.jar:/Library/Java/JavaVirtualMachines/jdk1.8.0_91.jdk/Contents/Home/jre/lib/ext/sunpkcs11.jar:/Library/Java/JavaVirtualMachines/jdk1.8.0_91.jdk/Contents/Home/jre/lib/ext/zipfs.jar:/Library/Java/JavaVirtualMachines/jdk1.8.0_91.jdk/Contents/Home/jre/lib/javaws.jar:/Library/Java/JavaVirtualMachines/jdk1.8.0_91.jdk/Contents/Home/jre/lib/jce.jar:/Library/Java/JavaVirtualMachines/jdk1.8.0_91.jdk/Contents/Home/jre/lib/jfr.jar:/Library/Java/JavaVirtualMachines/jdk1.8.0_91.jdk/Contents/Home/jre/lib/jfxswt.jar:/Library/Java/JavaVirtualMachines/jdk1.8.0_91.jdk/Contents/Home/jre/lib/jsse.jar:/Library/Java/JavaVirtualMachines/jdk1.8.0_91.jdk/Contents/Home/jre/lib/management-agent.jar:/Library/Java/JavaVirtualMachines/jdk1.8.0_91.jdk/Contents/Home/jre/lib/plugin.jar:/Library/Java/JavaVirtualMachines/jdk1.8.0_91.jdk/Contents/Home/jre/lib/resources.jar:/Library/Java/JavaVirtualMachines/jdk1.8.0_91.jdk/Contents/Home/jre/lib/rt.jar:/Library/Java/JavaVirtualMachines/jdk1.8.0_91.jdk/Contents/Home/lib/ant-javafx.jar:/Library/Java/JavaVirtualMachines/jdk1.8.0_91.jdk/Contents/Home/lib/dt.jar:/Library/Ja
Launcher Type: SUN_STANDARD

Environment Variables:
JAVA_HOME=/Library/Java/JavaVirtualMachines/jdk1.8.0_91.jdk/Contents/Home/jre
PATH=/usr/local/bin:/usr/bin:/bin:/usr/sbin:/sbin:/usr/local/sbin:/opt/X11/bin:/Library/Frameworks/Mono.framework/Versions/Current/Commands:/Library/TeX/texbin
SHELL=/bin/bash
DISPLAY=/private/tmp/com.apple.launchd.bO7dK0vs00/org.macosforge.xquartz:0

Signal Handlers:
SIGSEGV: [libjvm.dylib+0x5a97a1], sa_mask[0]=11111111011111110111111111111111, sa_flags=SA_ONSTACK|SA_RESTART|SA_SIGINFO
SIGBUS: [libjvm.dylib+0x5a97a1], sa_mask[0]=11111111011111110111111111111111, sa_flags=SA_RESTART|SA_SIGINFO
SIGFPE: [libjvm.dylib+0x482594], sa_mask[0]=11111111011111110111111111111111, sa_flags=SA_RESTART|SA_SIGINFO
SIGPIPE: [libjvm.dylib+0x482594], sa_mask[0]=11111111011111110111111111111111, sa_flags=SA_RESTART|SA_SIGINFO
SIGXFSZ: [libjvm.dylib+0x482594], sa_mask[0]=11111111011111110111111111111111, sa_flags=SA_RESTART|SA_SIGINFO
SIGILL: [libjvm.dylib+0x482594], sa_mask[0]=11111111011111110111111111111111, sa_flags=SA_RESTART|SA_SIGINFO
SIGUSR1: SIG_DFL, sa_mask[0]=00000000000000000000000000000000, sa_flags=none
SIGUSR2: [libjvm.dylib+0x4820b2], sa_mask[0]=00100000000000000000000000000000, sa_flags=SA_RESTART|SA_SIGINFO
SIGHUP: [libjvm.dylib+0x480689], sa_mask[0]=11111111011111110111111111111111, sa_flags=SA_RESTART|SA_SIGINFO
SIGINT: [libjvm.dylib+0x480689], sa_mask[0]=11111111011111110111111111111111, sa_flags=SA_RESTART|SA_SIGINFO
SIGTERM: [libjvm.dylib+0x480689], sa_mask[0]=11111111011111110111111111111111, sa_flags=SA_RESTART|SA_SIGINFO
SIGQUIT: [libjvm.dylib+0x480689], sa_mask[0]=11111111011111110111111111111111, sa_flags=SA_RESTART|SA_SIGINFO


---------------  S Y S T E M  ---------------

OS:Bsduname:Darwin 15.6.0 Darwin Kernel Version 15.6.0: Mon Aug 29 20:21:34 PDT 2016; root:xnu-3248.60.11~1/RELEASE_X86_64 x86_64
rlimit: STACK 8192k, CORE 0k, NPROC 709, NOFILE 10240, AS infinity
load average:3.76 3.00 2.96

CPU:total 8 (4 cores per cpu, 2 threads per core) family 6 model 70 stepping 1, cmov, cx8, fxsr, mmx, sse, sse2, sse3, ssse3, sse4.1, sse4.2, popcnt, avx, avx2, aes, clmul, erms, lzcnt, ht, tsc, tscinvbit, bmi1, bmi2

Memory: 4k page, physical 16777216k(1558136k free)

/proc/meminfo:


vm_info: Java HotSpot(TM) 64-Bit Server VM (25.91-b14) for bsd-amd64 JRE (1.8.0_91-b14), built on Apr  1 2016 01:03:00 by "java_re" with gcc 4.2.1 (Based on Apple Inc. build 5658) (LLVM build 2336.11.00)

time: Fri Sep 30 14:16:16 2016
elapsed time: 65473 seconds (0d 18h 11m 13s)

